{"/root/repo/scripts/importer/converters/blog-converter.js": {"path":"/root/repo/scripts/importer/converters/blog-converter.js","statementMap":{"0":{"start":{"line":1,"column":13},"end":{"line":1,"column":28}},"1":{"start":{"line":2,"column":15},"end":{"line":2,"column":35}},"2":{"start":{"line":3,"column":35},"end":{"line":3,"column":65}},"3":{"start":{"line":4,"column":28},"end":{"line":4,"column":66}},"4":{"start":{"line":5,"column":36},"end":{"line":5,"column":77}},"5":{"start":{"line":6,"column":28},"end":{"line":6,"column":62}},"6":{"start":{"line":8,"column":40},"end":{"line":17,"column":2}},"7":{"start":{"line":11,"column":37},"end":{"line":11,"column":83}},"8":{"start":{"line":13,"column":56},"end":{"line":16,"column":3}},"9":{"start":{"line":23,"column":25},"end":{"line":33,"column":1}},"10":{"start":{"line":24,"column":2},"end":{"line":24,"column":50}},"11":{"start":{"line":26,"column":20},"end":{"line":26,"column":68}},"12":{"start":{"line":27,"column":2},"end":{"line":27,"column":21}},"13":{"start":{"line":29,"column":18},"end":{"line":29,"column":68}},"14":{"start":{"line":30,"column":16},"end":{"line":30,"column":38}},"15":{"start":{"line":32,"column":2},"end":{"line":32,"column":55}},"16":{"start":{"line":35,"column":24},"end":{"line":36,"column":42}},"17":{"start":{"line":36,"column":2},"end":{"line":36,"column":42}},"18":{"start":{"line":38,"column":0},"end":{"line":41,"column":2}}},"fnMap":{"0":{"name":"(anonymous_0)","decl":{"start":{"line":11,"column":10},"end":{"line":11,"column":11}},"loc":{"start":{"line":11,"column":37},"end":{"line":11,"column":83}},"line":11},"1":{"name":"(anonymous_1)","decl":{"start":{"line":13,"column":24},"end":{"line":13,"column":25}},"loc":{"start":{"line":13,"column":56},"end":{"line":16,"column":3}},"line":13},"2":{"name":"(anonymous_2)","decl":{"start":{"line":23,"column":25},"end":{"line":23,"column":26}},"loc":{"start":{"line":23,"column":37},"end":{"line":33,"column":1}},"line":23},"3":{"name":"(anonymous_3)","decl":{"start":{"line":35,"column":24},"end":{"line":35,"column":25}},"loc":{"start":{"line":36,"column":2},"end":{"line":36,"column":42}},"line":36}},"branchMap":{},"s":{"0":1,"1":1,"2":1,"3":1,"4":1,"5":1,"6":1,"7":9,"8":9,"9":1,"10":0,"11":0,"12":0,"13":0,"14":0,"15":0,"16":1,"17":10,"18":1},"f":{"0":9,"1":9,"2":0,"3":10},"b":{},"_coverageSchema":"1a1c01bbd47fc00a2c39e90264f33305004495a9","hash":"3820759a65cbf67e1c6c7a2a67fcfde0a4a3e705"}
,"/root/repo/scripts/importer/converters/blog-index-converter.js": {"path":"/root/repo/scripts/importer/converters/blog-index-converter.js","statementMap":{"0":{"start":{"line":1,"column":13},"end":{"line":1,"column":28}},"1":{"start":{"line":2,"column":15},"end":{"line":2,"column":35}},"2":{"start":{"line":3,"column":41},"end":{"line":3,"column":71}},"3":{"start":{"line":10,"column":25},"end":{"line":42,"column":1}},"4":{"start":{"line":11,"column":2},"end":{"line":11,"column":45}},"5":{"start":{"line":13,"column":20},"end":{"line":13,"column":58}},"6":{"start":{"line":14,"column":2},"end":{"line":14,"column":23}},"7":{"start":{"line":16,"column":22},"end":{"line":25,"column":4}},"8":{"start":{"line":27,"column":18},"end":{"line":29,"column":135}},"9":{"start":{"line":31,"column":22},"end":{"line":31,"column":52}},"10":{"start":{"line":32,"column":21},"end":{"line":32,"column":52}},"11":{"start":{"line":34,"column":2},"end":{"line":41,"column":3}},"12":{"start":{"line":35,"column":4},"end":{"line":35,"column":47}},"13":{"start":{"line":36,"column":4},"end":{"line":36,"column":38}},"14":{"start":{"line":37,"column":4},"end":{"line":37,"column":50}},"15":{"start":{"line":39,"column":4},"end":{"line":39,"column":62}},"16":{"start":{"line":40,"column":4},"end":{"line":40,"column":50}},"17":{"start":{"line":44,"column":0},"end":{"line":46,"column":2}}},"fnMap":{"0":{"name":"(anonymous_0)","decl":{"start":{"line":10,"column":25},"end":{"line":10,"column":26}},"loc":{"start":{"line":10,"column":31},"end":{"line":42,"column":1}},"line":10}},"branchMap":{},"s":{"0":0,"1":0,"2":0,"3":0,"4":0,"5":0,"6":0,"7":0,"8":0,"9":0,"10":0,"11":0,"12":0,"13":0,"14":0,"15":0,"16":0,"17":0},"f":{"0":0},"b":{}}
,"/root/repo/scripts/importer/converters/category-converter.js": {"path":"/root/repo/scripts/importer/converters/category-converter.js","statementMap":{"0":{"start":{"line":1,"column":13},"end":{"line":1,"column":28}},"1":{"start":{"line":2,"column":15},"end":{"line":2,"column":35}},"2":{"start":{"line":3,"column":35},"end":{"line":3,"column":65}},"3":{"start":{"line":4,"column":32},"end":{"line":4,"column":70}},"4":{"start":{"line":5,"column":40},"end":{"line":5,"column":81}},"5":{"start":{"line":6,"column":35},"end":{"line":6,"column":71}},"6":{"start":{"line":7,"column":28},"end":{"line":7,"column":62}},"7":{"start":{"line":9,"column":40},"end":{"line":22,"column":2}},"8":{"start":{"line":12,"column":35},"end":{"line":12,"column":67}},"9":{"start":{"line":15,"column":4},"end":{"line":17,"column":5}},"10":{"start":{"line":16,"column":6},"end":{"line":16,"column":46}},"11":{"start":{"line":18,"column":4},"end":{"line":18,"column":55}},"12":{"start":{"line":21,"column":4},"end":{"line":21,"column":61}},"13":{"start":{"line":28,"column":26},"end":{"line":43,"column":1}},"14":{"start":{"line":29,"column":2},"end":{"line":29,"column":42}},"15":{"start":{"line":31,"column":20},"end":{"line":31,"column":74}},"16":{"start":{"line":32,"column":2},"end":{"line":32,"column":21}},"17":{"start":{"line":34,"column":24},"end":{"line":34,"column":80}},"18":{"start":{"line":35,"column":16},"end":{"line":35,"column":44}},"19":{"start":{"line":37,"column":2},"end":{"line":40,"column":3}},"20":{"start":{"line":38,"column":4},"end":{"line":38,"column":64}},"21":{"start":{"line":39,"column":4},"end":{"line":39,"column":50}},"22":{"start":{"line":42,"column":2},"end":{"line":42,"column":61}},"23":{"start":{"line":45,"column":24},"end":{"line":46,"column":42}},"24":{"start":{"line":46,"column":2},"end":{"line":46,"column":42}},"25":{"start":{"line":48,"column":0},"end":{"line":51,"column":2}}},"fnMap":{"0":{"name":"(anonymous_0)","decl":{"start":{"line":12,"column":18},"end":{"line":12,"column":19}},"loc":{"start":{"line":12,"column":35},"end":{"line":12,"column":67}},"line":12},"1":{"name":"(anonymous_1)","decl":{"start":{"line":14,"column":24},"end":{"line":14,"column":25}},"loc":{"start":{"line":14,"column":55},"end":{"line":19,"column":3}},"line":14},"2":{"name":"(anonymous_2)","decl":{"start":{"line":20,"column":15},"end":{"line":20,"column":16}},"loc":{"start":{"line":21,"column":4},"end":{"line":21,"column":61}},"line":21},"3":{"name":"(anonymous_3)","decl":{"start":{"line":28,"column":26},"end":{"line":28,"column":27}},"loc":{"start":{"line":28,"column":38},"end":{"line":43,"column":1}},"line":28},"4":{"name":"(anonymous_4)","decl":{"start":{"line":45,"column":24},"end":{"line":45,"column":25}},"loc":{"start":{"line":46,"column":2},"end":{"line":46,"column":42}},"line":46}},"branchMap":{"0":{"loc":{"start":{"line":15,"column":4},"end":{"line":17,"column":5}},"type":"if","locations":[{"start":{"line":15,"column":4},"end":{"line":17,"column":5}},{"start":{},"end":{}}],"line":15},"1":{"loc":{"start":{"line":37,"column":2},"end":{"line":40,"column":3}},"type":"if","locations":[{"start":{"line":37,"column":2},"end":{"line":40,"column":3}},{"start":{},"end":{}}],"line":37}},"s":{"0":1,"1":1,"2":1,"3":1,"4":1,"5":1,"6":1,"7":1,"8":11,"9":11,"10":0,"11":11,"12":11,"13":1,"14":0,"15":0,"16":0,"17":0,"18":0,"19":0,"20":0,"21":0,"22":0,"23":1,"24":12,"25":1},"f":{"0":11,"1":11,"2":11,"3":0,"4":12},"b":{"0":[0,11],"1":[0,0]},"_coverageSchema":"1a1c01bbd47fc00a2c39e90264f33305004495a9","hash":"22450f6cc604e3804862cdc9e571b524b873e977"}
,"/root/repo/scripts/importer/converters/home-converter.js": {"path":"/root/repo/scripts/importer/converters/home-converter.js","statementMap":{"0":{"start":{"line":1,"column":11},"end":{"line":1,"column":24}},"1":{"start":{"line":2,"column":13},"end":{"line":2,"column":28}},"2":{"start":{"line":3,"column":26},"end":{"line":3,"column":62}},"3":{"start":{"line":9,"column":27},"end":{"line":120,"column":1}},"4":{"start":{"line":10,"column":2},"end":{"line":10,"column":48}},"5":{"start":{"line":12,"column":22},"end":{"line":12,"column":74}},"6":{"start":{"line":13,"column":21},"end":{"line":13,"column":77}},"7":{"start":{"line":15,"column":2},"end":{"line":119,"column":3}},"8":{"start":{"line":16,"column":17},"end":{"line":16,"column":54}},"9":{"start":{"line":18,"column":24},"end":{"line":33,"column":5}},"10":{"start":{"line":36,"column":31},"end":{"line":36,"column":232}},"11":{"start":{"line":38,"column":4},"end":{"line":50,"column":5}},"12":{"start":{"line":39,"column":20},"end":{"line":39,"column":39}},"13":{"start":{"line":40,"column":23},"end":{"line":40,"column":42}},"14":{"start":{"line":41,"column":19},"end":{"line":41,"column":59}},"15":{"start":{"line":42,"column":29},"end":{"line":42,"column":72}},"16":{"start":{"line":44,"column":6},"end":{"line":49,"column":9}},"17":{"start":{"line":53,"column":28},"end":{"line":53,"column":90}},"18":{"start":{"line":54,"column":4},"end":{"line":74,"column":5}},"19":{"start":{"line":55,"column":29},"end":{"line":55,"column":47}},"20":{"start":{"line":56,"column":26},"end":{"line":56,"column":120}},"21":{"start":{"line":58,"column":6},"end":{"line":73,"column":7}},"22":{"start":{"line":59,"column":33},"end":{"line":59,"column":108}},"23":{"start":{"line":61,"column":8},"end":{"line":66,"column":9}},"24":{"start":{"line":62,"column":23},"end":{"line":62,"column":87}},"25":{"start":{"line":63,"column":10},"end":{"line":65,"column":11}},"26":{"start":{"line":64,"column":12},"end":{"line":64,"column":59}},"27":{"start":{"line":69,"column":31},"end":{"line":69,"column":104}},"28":{"start":{"line":70,"column":8},"end":{"line":72,"column":9}},"29":{"start":{"line":71,"column":10},"end":{"line":71,"column":72}},"30":{"start":{"line":77,"column":27},"end":{"line":77,"column":91}},"31":{"start":{"line":79,"column":23},"end":{"line":79,"column":24}},"32":{"start":{"line":80,"column":20},"end":{"line":85,"column":5}},"33":{"start":{"line":86,"column":4},"end":{"line":96,"column":5}},"34":{"start":{"line":87,"column":20},"end":{"line":87,"column":42}},"35":{"start":{"line":88,"column":6},"end":{"line":95,"column":7}},"36":{"start":{"line":89,"column":24},"end":{"line":89,"column":33}},"37":{"start":{"line":90,"column":8},"end":{"line":92,"column":9}},"38":{"start":{"line":91,"column":10},"end":{"line":91,"column":47}},"39":{"start":{"line":93,"column":8},"end":{"line":93,"column":57}},"40":{"start":{"line":94,"column":8},"end":{"line":94,"column":23}},"41":{"start":{"line":100,"column":4},"end":{"line":100,"column":71}},"42":{"start":{"line":102,"column":4},"end":{"line":102,"column":61}},"43":{"start":{"line":103,"column":4},"end":{"line":103,"column":79}},"44":{"start":{"line":104,"column":4},"end":{"line":104,"column":89}},"45":{"start":{"line":105,"column":4},"end":{"line":105,"column":78}},"46":{"start":{"line":107,"column":4},"end":{"line":111,"column":6}},"47":{"start":{"line":113,"column":4},"end":{"line":113,"column":73}},"48":{"start":{"line":114,"column":4},"end":{"line":118,"column":6}},"49":{"start":{"line":122,"column":0},"end":{"line":122,"column":40}}},"fnMap":{"0":{"name":"(anonymous_0)","decl":{"start":{"line":9,"column":27},"end":{"line":9,"column":28}},"loc":{"start":{"line":9,"column":39},"end":{"line":120,"column":1}},"line":9}},"branchMap":{"0":{"loc":{"start":{"line":48,"column":15},"end":{"line":48,"column":41}},"type":"binary-expr","locations":[{"start":{"line":48,"column":15},"end":{"line":48,"column":29}},{"start":{"line":48,"column":33},"end":{"line":48,"column":41}}],"line":48},"1":{"loc":{"start":{"line":54,"column":4},"end":{"line":74,"column":5}},"type":"if","locations":[{"start":{"line":54,"column":4},"end":{"line":74,"column":5}},{"start":{},"end":{}}],"line":54},"2":{"loc":{"start":{"line":58,"column":6},"end":{"line":73,"column":7}},"type":"if","locations":[{"start":{"line":58,"column":6},"end":{"line":73,"column":7}},{"start":{},"end":{}}],"line":58},"3":{"loc":{"start":{"line":63,"column":10},"end":{"line":65,"column":11}},"type":"if","locations":[{"start":{"line":63,"column":10},"end":{"line":65,"column":11}},{"start":{},"end":{}}],"line":63},"4":{"loc":{"start":{"line":70,"column":8},"end":{"line":72,"column":9}},"type":"if","locations":[{"start":{"line":70,"column":8},"end":{"line":72,"column":9}},{"start":{},"end":{}}],"line":70},"5":{"loc":{"start":{"line":88,"column":6},"end":{"line":95,"column":7}},"type":"if","locations":[{"start":{"line":88,"column":6},"end":{"line":95,"column":7}},{"start":{},"end":{}}],"line":88},"6":{"loc":{"start":{"line":88,"column":10},"end":{"line":88,"column":55}},"type":"binary-expr","locations":[{"start":{"line":88,"column":10},"end":{"line":88,"column":15}},{"start":{"line":88,"column":19},"end":{"line":88,"column":55}}],"line":88},"7":{"loc":{"start":{"line":90,"column":8},"end":{"line":92,"column":9}},"type":"if","locations":[{"start":{"line":90,"column":8},"end":{"line":92,"column":9}},{"start":{},"end":{}}],"line":90}},"s":{"0":0,"1":0,"2":0,"3":0,"4":0,"5":0,"6":0,"7":0,"8":0,"9":0,"10":0,"11":0,"12":0,"13":0,"14":0,"15":0,"16":0,"17":0,"18":0,"19":0,"20":0,"21":0,"22":0,"23":0,"24":0,"25":0,"26":0,"27":0,"28":0,"29":0,"30":0,"31":0,"32":0,"33":0,"34":0,"35":0,"36":0,"37":0,"38":0,"39":0,"40":0,"41":0,"42":0,"43":0,"44":0,"45":0,"46":0,"47":0,"48":0,"49":0},"f":{"0":0},"b":{"0":[0,0],"1":[0,0],"2":[0,0],"3":[0,0],"4":[0,0],"5":[0,0],"6":[0,0],"7":[0,0]}}
,"/root/repo/scripts/importer/converters/index.js": {"path":"/root/repo/scripts/importer/converters/index.js","statementMap":{"0":{"start":{"line":5,"column":25},"end":{"line":5,"column":52}},"1":{"start":{"line":6,"column":29},"end":{"line":6,"column":56}},"2":{"start":{"line":7,"column":28},"end":{"line":7,"column":58}},"3":{"start":{"line":8,"column":30},"end":{"line":8,"column":61}},"4":{"start":{"line":9,"column":31},"end":{"line":9,"column":58}},"5":{"start":{"line":10,"column":29},"end":{"line":10,"column":62}},"6":{"start":{"line":11,"column":32},"end":{"line":11,"column":68}},"7":{"start":{"line":13,"column":0},"end":{"line":21,"column":2}}},"fnMap":{},"branchMap":{},"s":{"0":0,"1":0,"2":0,"3":0,"4":0,"5":0,"6":0,"7":0},"f":{},"b":{}}
,"/root/repo/scripts/importer/converters/page-converter.js": {"path":"/root/repo/scripts/importer/converters/page-converter.js","statementMap":{"0":{"start":{"line":1,"column":13},"end":{"line":1,"column":28}},"1":{"start":{"line":2,"column":15},"end":{"line":2,"column":35}},"2":{"start":{"line":3,"column":35},"end":{"line":3,"column":65}},"3":{"start":{"line":4,"column":36},"end":{"line":4,"column":77}},"4":{"start":{"line":5,"column":35},"end":{"line":5,"column":71}},"5":{"start":{"line":6,"column":28},"end":{"line":6,"column":62}},"6":{"start":{"line":7,"column":11},"end":{"line":7,"column":24}},"7":{"start":{"line":9,"column":40},"end":{"line":15,"column":2}},"8":{"start":{"line":12,"column":44},"end":{"line":12,"column":83}},"9":{"start":{"line":14,"column":4},"end":{"line":14,"column":56}},"10":{"start":{"line":21,"column":21},"end":{"line":43,"column":1}},"11":{"start":{"line":22,"column":2},"end":{"line":22,"column":37}},"12":{"start":{"line":24,"column":20},"end":{"line":24,"column":69}},"13":{"start":{"line":25,"column":2},"end":{"line":25,"column":21}},"14":{"start":{"line":27,"column":19},"end":{"line":27,"column":59}},"15":{"start":{"line":28,"column":20},"end":{"line":28,"column":43}},"16":{"start":{"line":31,"column":20},"end":{"line":33,"column":3}},"17":{"start":{"line":32,"column":4},"end":{"line":32,"column":56}},"18":{"start":{"line":35,"column":22},"end":{"line":35,"column":72}},"19":{"start":{"line":36,"column":21},"end":{"line":36,"column":83}},"20":{"start":{"line":38,"column":2},"end":{"line":42,"column":4}},"21":{"start":{"line":45,"column":20},"end":{"line":46,"column":42}},"22":{"start":{"line":46,"column":2},"end":{"line":46,"column":42}},"23":{"start":{"line":48,"column":0},"end":{"line":51,"column":2}}},"fnMap":{"0":{"name":"(anonymous_0)","decl":{"start":{"line":12,"column":24},"end":{"line":12,"column":25}},"loc":{"start":{"line":12,"column":44},"end":{"line":12,"column":83}},"line":12},"1":{"name":"(anonymous_1)","decl":{"start":{"line":13,"column":15},"end":{"line":13,"column":16}},"loc":{"start":{"line":14,"column":4},"end":{"line":14,"column":56}},"line":14},"2":{"name":"(anonymous_2)","decl":{"start":{"line":21,"column":21},"end":{"line":21,"column":22}},"loc":{"start":{"line":21,"column":33},"end":{"line":43,"column":1}},"line":21},"3":{"name":"(anonymous_3)","decl":{"start":{"line":31,"column":48},"end":{"line":31,"column":49}},"loc":{"start":{"line":32,"column":4},"end":{"line":32,"column":56}},"line":32},"4":{"name":"(anonymous_4)","decl":{"start":{"line":45,"column":20},"end":{"line":45,"column":21}},"loc":{"start":{"line":46,"column":2},"end":{"line":46,"column":42}},"line":46}},"branchMap":{},"s":{"0":1,"1":1,"2":1,"3":1,"4":1,"5":1,"6":1,"7":1,"8":9,"9":9,"10":1,"11":0,"12":0,"13":0,"14":0,"15":0,"16":0,"17":0,"18":0,"19":0,"20":0,"21":1,"22":10,"23":1},"f":{"0":9,"1":9,"2":0,"3":0,"4":10},"b":{},"_coverageSchema":"1a1c01bbd47fc00a2c39e90264f33305004495a9","hash":"3023b8dbb7488eda4c9dab642c63e0ca329872fd"}
,"/root/repo/scripts/importer/converters/product-converter.js": {"path":"/root/repo/scripts/importer/converters/product-converter.js","statementMap":{"0":{"start":{"line":1,"column":13},"end":{"line":1,"column":28}},"1":{"start":{"line":2,"column":15},"end":{"line":2,"column":35}},"2":{"start":{"line":3,"column":54},"end":{"line":3,"column":84}},"3":{"start":{"line":4,"column":83},"end":{"line":4,"column":121}},"4":{"start":{"line":5,"column":66},"end":{"line":5,"column":107}},"5":{"start":{"line":6,"column":57},"end":{"line":6,"column":93}},"6":{"start":{"line":7,"column":34},"end":{"line":7,"column":70}},"7":{"start":{"line":8,"column":28},"end":{"line":8,"column":62}},"8":{"start":{"line":10,"column":40},"end":{"line":54,"column":2}},"9":{"start":{"line":13,"column":28},"end":{"line":13,"column":53}},"10":{"start":{"line":14,"column":30},"end":{"line":14,"column":57}},"11":{"start":{"line":15,"column":34},"end":{"line":15,"column":65}},"12":{"start":{"line":16,"column":29},"end":{"line":16,"column":62}},"13":{"start":{"line":19,"column":23},"end":{"line":19,"column":70}},"14":{"start":{"line":20,"column":24},"end":{"line":20,"column":66}},"15":{"start":{"line":21,"column":4},"end":{"line":28,"column":6}},"16":{"start":{"line":31,"column":4},"end":{"line":31,"column":95}},"17":{"start":{"line":32,"column":4},"end":{"line":32,"column":67}},"18":{"start":{"line":35,"column":27},"end":{"line":35,"column":34}},"19":{"start":{"line":36,"column":4},"end":{"line":52,"column":5}},"20":{"start":{"line":37,"column":6},"end":{"line":51,"column":9}},"21":{"start":{"line":38,"column":27},"end":{"line":38,"column":73}},"22":{"start":{"line":39,"column":8},"end":{"line":50,"column":9}},"23":{"start":{"line":40,"column":33},"end":{"line":40,"column":59}},"24":{"start":{"line":41,"column":10},"end":{"line":43,"column":11}},"25":{"start":{"line":42,"column":12},"end":{"line":42,"column":64}},"26":{"start":{"line":45,"column":10},"end":{"line":49,"column":13}},"27":{"start":{"line":56,"column":23},"end":{"line":58,"column":1}},"28":{"start":{"line":57,"column":2},"end":{"line":57,"column":88}},"29":{"start":{"line":64,"column":24},"end":{"line":98,"column":1}},"30":{"start":{"line":65,"column":2},"end":{"line":65,"column":40}},"31":{"start":{"line":67,"column":20},"end":{"line":67,"column":72}},"32":{"start":{"line":68,"column":21},"end":{"line":68,"column":61}},"33":{"start":{"line":69,"column":2},"end":{"line":69,"column":21}},"34":{"start":{"line":70,"column":2},"end":{"line":70,"column":22}},"35":{"start":{"line":72,"column":22},"end":{"line":72,"column":76}},"36":{"start":{"line":73,"column":16},"end":{"line":73,"column":42}},"37":{"start":{"line":75,"column":2},"end":{"line":78,"column":3}},"38":{"start":{"line":76,"column":4},"end":{"line":76,"column":62}},"39":{"start":{"line":77,"column":4},"end":{"line":77,"column":50}},"40":{"start":{"line":80,"column":2},"end":{"line":80,"column":68}},"41":{"start":{"line":81,"column":31},"end":{"line":81,"column":54}},"42":{"start":{"line":83,"column":21},"end":{"line":83,"column":30}},"43":{"start":{"line":84,"column":17},"end":{"line":84,"column":104}},"44":{"start":{"line":86,"column":2},"end":{"line":95,"column":3}},"45":{"start":{"line":87,"column":4},"end":{"line":93,"column":7}},"46":{"start":{"line":88,"column":29},"end":{"line":88,"column":41}},"47":{"start":{"line":89,"column":27},"end":{"line":89,"column":76}},"48":{"start":{"line":89,"column":56},"end":{"line":89,"column":64}},"49":{"start":{"line":90,"column":26},"end":{"line":90,"column":104}},"50":{"start":{"line":91,"column":28},"end":{"line":91,"column":66}},"51":{"start":{"line":92,"column":6},"end":{"line":92,"column":78}},"52":{"start":{"line":94,"column":4},"end":{"line":94,"column":70}},"53":{"start":{"line":97,"column":2},"end":{"line":97,"column":16}},"54":{"start":{"line":100,"column":0},"end":{"line":103,"column":2}}},"fnMap":{"0":{"name":"(anonymous_0)","decl":{"start":{"line":13,"column":11},"end":{"line":13,"column":12}},"loc":{"start":{"line":13,"column":28},"end":{"line":13,"column":53}},"line":13},"1":{"name":"(anonymous_1)","decl":{"start":{"line":14,"column":13},"end":{"line":14,"column":14}},"loc":{"start":{"line":14,"column":30},"end":{"line":14,"column":57}},"line":14},"2":{"name":"(anonymous_2)","decl":{"start":{"line":15,"column":17},"end":{"line":15,"column":18}},"loc":{"start":{"line":15,"column":34},"end":{"line":15,"column":65}},"line":15},"3":{"name":"(anonymous_3)","decl":{"start":{"line":16,"column":12},"end":{"line":16,"column":13}},"loc":{"start":{"line":16,"column":29},"end":{"line":16,"column":62}},"line":16},"4":{"name":"(anonymous_4)","decl":{"start":{"line":18,"column":24},"end":{"line":18,"column":25}},"loc":{"start":{"line":18,"column":55},"end":{"line":29,"column":3}},"line":18},"5":{"name":"(anonymous_5)","decl":{"start":{"line":30,"column":15},"end":{"line":30,"column":16}},"loc":{"start":{"line":30,"column":51},"end":{"line":33,"column":3}},"line":30},"6":{"name":"(anonymous_6)","decl":{"start":{"line":34,"column":16},"end":{"line":34,"column":17}},"loc":{"start":{"line":34,"column":52},"end":{"line":53,"column":3}},"line":34},"7":{"name":"(anonymous_7)","decl":{"start":{"line":37,"column":32},"end":{"line":37,"column":33}},"loc":{"start":{"line":37,"column":44},"end":{"line":51,"column":7}},"line":37},"8":{"name":"(anonymous_8)","decl":{"start":{"line":56,"column":23},"end":{"line":56,"column":24}},"loc":{"start":{"line":56,"column":100},"end":{"line":58,"column":1}},"line":56},"9":{"name":"(anonymous_9)","decl":{"start":{"line":64,"column":24},"end":{"line":64,"column":25}},"loc":{"start":{"line":64,"column":36},"end":{"line":98,"column":1}},"line":64},"10":{"name":"(anonymous_10)","decl":{"start":{"line":87,"column":23},"end":{"line":87,"column":24}},"loc":{"start":{"line":87,"column":45},"end":{"line":93,"column":5}},"line":87},"11":{"name":"(anonymous_11)","decl":{"start":{"line":89,"column":51},"end":{"line":89,"column":52}},"loc":{"start":{"line":89,"column":56},"end":{"line":89,"column":64}},"line":89}},"branchMap":{"0":{"loc":{"start":{"line":19,"column":23},"end":{"line":19,"column":70}},"type":"binary-expr","locations":[{"start":{"line":19,"column":23},"end":{"line":19,"column":64}},{"start":{"line":19,"column":68},"end":{"line":19,"column":70}}],"line":19},"1":{"loc":{"start":{"line":36,"column":4},"end":{"line":52,"column":5}},"type":"if","locations":[{"start":{"line":36,"column":4},"end":{"line":52,"column":5}},{"start":{},"end":{}}],"line":36},"2":{"loc":{"start":{"line":39,"column":8},"end":{"line":50,"column":9}},"type":"if","locations":[{"start":{"line":39,"column":8},"end":{"line":50,"column":9}},{"start":{"line":44,"column":15},"end":{"line":50,"column":9}}],"line":39},"3":{"loc":{"start":{"line":41,"column":10},"end":{"line":43,"column":11}},"type":"if","locations":[{"start":{"line":41,"column":10},"end":{"line":43,"column":11}},{"start":{},"end":{}}],"line":41},"4":{"loc":{"start":{"line":75,"column":2},"end":{"line":78,"column":3}},"type":"if","locations":[{"start":{"line":75,"column":2},"end":{"line":78,"column":3}},{"start":{},"end":{}}],"line":75},"5":{"loc":{"start":{"line":86,"column":2},"end":{"line":95,"column":3}},"type":"if","locations":[{"start":{"line":86,"column":2},"end":{"line":95,"column":3}},{"start":{},"end":{}}],"line":86}},"s":{"0":1,"1":1,"2":1,"3":1,"4":1,"5":1,"6":1,"7":1,"8":1,"9":9,"10":9,"11":9,"12":9,"13":9,"14":9,"15":9,"16":9,"17":9,"18":9,"19":9,"20":0,"21":0,"22":0,"23":0,"24":0,"25":0,"26":0,"27":1,"28":10,"29":1,"30":0,"31":0,"32":0,"33":0,"34":0,"35":0,"36":0,"37":0,"38":0,"39":0,"40":0,"41":0,"42":0,"43":0,"44":0,"45":0,"46":0,"47":0,"48":0,"49":0,"50":0,"51":0,"52":0,"53":0,"54":1},"f":{"0":9,"1":9,"2":9,"3":9,"4":9,"5":9,"6":9,"7":0,"8":10,"9":0,"10":0,"11":0},"b":{"0":[9,9],"1":[0,9],"2":[0,0],"3":[0,0],"4":[0,0],"5":[0,0]},"_coverageSchema":"1a1c01bbd47fc00a2c39e90264f33305004495a9","hash":"28b6453b56cbbd42ff8ac854cf88a5f7250978d5"}
,"/root/repo/scripts/importer/converters/reviews-index-converter.js": {"path":"/root/repo/scripts/importer/converters/reviews-index-converter.js","statementMap":{"0":{"start":{"line":1,"column":13},"end":{"line":1,"column":28}},"1":{"start":{"line":2,"column":15},"end":{"line":2,"column":35}},"2":{"start":{"line":3,"column":22},"end":{"line":3,"column":52}},"3":{"start":{"line":4,"column":36},"end":{"line":4,"column":77}},"4":{"start":{"line":5,"column":28},"end":{"line":5,"column":62}},"5":{"start":{"line":7,"column":26},"end":{"line":19,"column":2}},"6":{"start":{"line":10,"column":44},"end":{"line":10,"column":83}},"7":{"start":{"line":13,"column":22},"end":{"line":13,"column":72}},"8":{"start":{"line":14,"column":4},"end":{"line":16,"column":5}},"9":{"start":{"line":15,"column":6},"end":{"line":15,"column":52}},"10":{"start":{"line":17,"column":4},"end":{"line":17,"column":19}},"11":{"start":{"line":25,"column":28},"end":{"line":42,"column":1}},"12":{"start":{"line":26,"column":2},"end":{"line":26,"column":44}},"13":{"start":{"line":28,"column":20},"end":{"line":28,"column":58}},"14":{"start":{"line":29,"column":2},"end":{"line":29,"column":23}},"15":{"start":{"line":31,"column":2},"end":{"line":41,"column":3}},"16":{"start":{"line":32,"column":20},"end":{"line":36,"column":5}},"17":{"start":{"line":37,"column":4},"end":{"line":37,"column":78}},"18":{"start":{"line":39,"column":4},"end":{"line":39,"column":69}},"19":{"start":{"line":40,"column":4},"end":{"line":40,"column":50}},"20":{"start":{"line":44,"column":0},"end":{"line":46,"column":2}}},"fnMap":{"0":{"name":"(anonymous_0)","decl":{"start":{"line":10,"column":24},"end":{"line":10,"column":25}},"loc":{"start":{"line":10,"column":44},"end":{"line":10,"column":83}},"line":10},"1":{"name":"(anonymous_1)","decl":{"start":{"line":11,"column":15},"end":{"line":11,"column":16}},"loc":{"start":{"line":11,"column":34},"end":{"line":18,"column":3}},"line":11},"2":{"name":"(anonymous_2)","decl":{"start":{"line":25,"column":28},"end":{"line":25,"column":29}},"loc":{"start":{"line":25,"column":40},"end":{"line":42,"column":1}},"line":25}},"branchMap":{"0":{"loc":{"start":{"line":14,"column":4},"end":{"line":16,"column":5}},"type":"if","locations":[{"start":{"line":14,"column":4},"end":{"line":16,"column":5}},{"start":{},"end":{}}],"line":14},"1":{"loc":{"start":{"line":37,"column":25},"end":{"line":37,"column":40}},"type":"cond-expr","locations":[{"start":{"line":37,"column":35},"end":{"line":37,"column":36}},{"start":{"line":37,"column":39},"end":{"line":37,"column":40}}],"line":37},"2":{"loc":{"start":{"line":37,"column":50},"end":{"line":37,"column":65}},"type":"cond-expr","locations":[{"start":{"line":37,"column":60},"end":{"line":37,"column":61}},{"start":{"line":37,"column":64},"end":{"line":37,"column":65}}],"line":37}},"s":{"0":0,"1":0,"2":0,"3":0,"4":0,"5":0,"6":0,"7":0,"8":0,"9":0,"10":0,"11":0,"12":0,"13":0,"14":0,"15":0,"16":0,"17":0,"18":0,"19":0,"20":0},"f":{"0":0,"1":0,"2":0},"b":{"0":[0,0],"1":[0,0],"2":[0,0]}}
,"/root/repo/scripts/importer/utils/base-converter.js": {"path":"/root/repo/scripts/importer/utils/base-converter.js","statementMap":{"0":{"start":{"line":1,"column":13},"end":{"line":1,"column":28}},"1":{"start":{"line":2,"column":80},"end":{"line":2,"column":103}},"2":{"start":{"line":3,"column":28},"end":{"line":3,"column":59}},"3":{"start":{"line":4,"column":30},"end":{"line":4,"column":59}},"4":{"start":{"line":5,"column":27},"end":{"line":5,"column":57}},"5":{"start":{"line":17,"column":24},"end":{"line":99,"column":1}},"6":{"start":{"line":32,"column":24},"end":{"line":73,"column":3}},"7":{"start":{"line":33,"column":4},"end":{"line":72,"column":5}},"8":{"start":{"line":34,"column":23},"end":{"line":34,"column":48}},"9":{"start":{"line":35,"column":26},"end":{"line":35,"column":48}},"10":{"start":{"line":36,"column":23},"end":{"line":36,"column":51}},"11":{"start":{"line":37,"column":23},"end":{"line":37,"column":50}},"12":{"start":{"line":38,"column":20},"end":{"line":38,"column":57}},"13":{"start":{"line":40,"column":19},"end":{"line":40,"column":41}},"14":{"start":{"line":41,"column":21},"end":{"line":41,"column":43}},"15":{"start":{"line":44,"column":24},"end":{"line":44,"column":38}},"16":{"start":{"line":45,"column":6},"end":{"line":47,"column":7}},"17":{"start":{"line":46,"column":8},"end":{"line":46,"column":70}},"18":{"start":{"line":50,"column":6},"end":{"line":52,"column":7}},"19":{"start":{"line":51,"column":8},"end":{"line":51,"column":71}},"20":{"start":{"line":54,"column":21},"end":{"line":54,"column":68}},"21":{"start":{"line":55,"column":26},"end":{"line":55,"column":54}},"22":{"start":{"line":56,"column":6},"end":{"line":56,"column":45}},"23":{"start":{"line":58,"column":26},"end":{"line":58,"column":56}},"24":{"start":{"line":60,"column":6},"end":{"line":60,"column":69}},"25":{"start":{"line":61,"column":6},"end":{"line":61,"column":46}},"26":{"start":{"line":64,"column":6},"end":{"line":66,"column":7}},"27":{"start":{"line":65,"column":8},"end":{"line":65,"column":53}},"28":{"start":{"line":68,"column":6},"end":{"line":68,"column":18}},"29":{"start":{"line":70,"column":6},"end":{"line":70,"column":66}},"30":{"start":{"line":71,"column":6},"end":{"line":71,"column":19}},"31":{"start":{"line":83,"column":23},"end":{"line":96,"column":3}},"32":{"start":{"line":84,"column":21},"end":{"line":84,"column":22}},"33":{"start":{"line":85,"column":17},"end":{"line":85,"column":18}},"34":{"start":{"line":87,"column":4},"end":{"line":93,"column":5}},"35":{"start":{"line":88,"column":6},"end":{"line":92,"column":7}},"36":{"start":{"line":89,"column":8},"end":{"line":89,"column":21}},"37":{"start":{"line":91,"column":8},"end":{"line":91,"column":17}},"38":{"start":{"line":95,"column":4},"end":{"line":95,"column":55}},"39":{"start":{"line":98,"column":2},"end":{"line":98,"column":41}},"40":{"start":{"line":101,"column":0},"end":{"line":101,"column":37}}},"fnMap":{"0":{"name":"(anonymous_0)","decl":{"start":{"line":17,"column":24},"end":{"line":17,"column":25}},"loc":{"start":{"line":23,"column":6},"end":{"line":99,"column":1}},"line":23},"1":{"name":"(anonymous_1)","decl":{"start":{"line":32,"column":24},"end":{"line":32,"column":25}},"loc":{"start":{"line":32,"column":75},"end":{"line":73,"column":3}},"line":32},"2":{"name":"(anonymous_2)","decl":{"start":{"line":83,"column":23},"end":{"line":83,"column":24}},"loc":{"start":{"line":83,"column":75},"end":{"line":96,"column":3}},"line":83}},"branchMap":{"0":{"loc":{"start":{"line":19,"column":2},"end":{"line":19,"column":17}},"type":"default-arg","locations":[{"start":{"line":19,"column":15},"end":{"line":19,"column":17}}],"line":19},"1":{"loc":{"start":{"line":21,"column":2},"end":{"line":21,"column":20}},"type":"default-arg","locations":[{"start":{"line":21,"column":16},"end":{"line":21,"column":20}}],"line":21},"2":{"loc":{"start":{"line":22,"column":2},"end":{"line":22,"column":21}},"type":"default-arg","locations":[{"start":{"line":22,"column":17},"end":{"line":22,"column":21}}],"line":22},"3":{"loc":{"start":{"line":32,"column":58},"end":{"line":32,"column":70}},"type":"default-arg","locations":[{"start":{"line":32,"column":68},"end":{"line":32,"column":70}}],"line":32},"4":{"loc":{"start":{"line":50,"column":6},"end":{"line":52,"column":7}},"type":"if","locations":[{"start":{"line":50,"column":6},"end":{"line":52,"column":7}},{"start":{},"end":{}}],"line":50},"5":{"loc":{"start":{"line":55,"column":26},"end":{"line":55,"column":54}},"type":"binary-expr","locations":[{"start":{"line":55,"column":26},"end":{"line":55,"column":44}},{"start":{"line":55,"column":48},"end":{"line":55,"column":54}}],"line":55},"6":{"loc":{"start":{"line":56,"column":17},"end":{"line":56,"column":44}},"type":"binary-expr","locations":[{"start":{"line":56,"column":17},"end":{"line":56,"column":32}},{"start":{"line":56,"column":36},"end":{"line":56,"column":44}}],"line":56},"7":{"loc":{"start":{"line":64,"column":6},"end":{"line":66,"column":7}},"type":"if","locations":[{"start":{"line":64,"column":6},"end":{"line":66,"column":7}},{"start":{},"end":{}}],"line":64},"8":{"loc":{"start":{"line":83,"column":58},"end":{"line":83,"column":70}},"type":"default-arg","locations":[{"start":{"line":83,"column":68},"end":{"line":83,"column":70}}],"line":83},"9":{"loc":{"start":{"line":88,"column":6},"end":{"line":92,"column":7}},"type":"if","locations":[{"start":{"line":88,"column":6},"end":{"line":92,"column":7}},{"start":{"line":90,"column":13},"end":{"line":92,"column":7}}],"line":88}},"s":{"0":4,"1":4,"2":4,"3":4,"4":4,"5":4,"6":4,"7":42,"8":42,"9":42,"10":38,"11":38,"12":38,"13":38,"14":38,"15":38,"16":38,"17":56,"18":38,"19":29,"20":38,"21":38,"22":38,"23":38,"24":38,"25":38,"26":38,"27":9,"28":38,"29":4,"30":4,"31":4,"32":0,"33":0,"34":0,"35":0,"36":0,"37":0,"38":0,"39":4,"40":4},"f":{"0":4,"1":42,"2":0},"b":{"0":[0],"1":[1],"2":[3],"3":[32],"4":[29,9],"5":[38,29],"6":[38,29],"7":[9,29],"8":[0],"9":[0,0]},"_coverageSchema":"1a1c01bbd47fc00a2c39e90264f33305004495a9","hash":"d560c01d8737bbbab3d680d8a8f3881043019d4c"}
,"/root/repo/scripts/importer/utils/category-scanner.js": {"path":"/root/repo/scripts/importer/utils/category-scanner.js","statementMap":{"0":{"start":{"line":1,"column":13},"end":{"line":1,"column":28}},"1":{"start":{"line":2,"column":40},"end":{"line":2,"column":63}},"2":{"start":{"line":3,"column":15},"end":{"line":3,"column":35}},"3":{"start":{"line":9,"column":30},"end":{"line":45,"column":1}},"4":{"start":{"line":10,"column":31},"end":{"line":10,"column":40}},"5":{"start":{"line":12,"column":24},"end":{"line":12,"column":80}},"6":{"start":{"line":13,"column":24},"end":{"line":13,"column":52}},"7":{"start":{"line":15,"column":2},"end":{"line":17,"column":3}},"8":{"start":{"line":16,"column":4},"end":{"line":16,"column":32}},"9":{"start":{"line":19,"column":2},"end":{"line":42,"column":5}},"10":{"start":{"line":20,"column":25},"end":{"line":20,"column":54}},"11":{"start":{"line":21,"column":21},"end":{"line":21,"column":51}},"12":{"start":{"line":22,"column":24},"end":{"line":22,"column":46}},"13":{"start":{"line":26,"column":29},"end":{"line":26,"column":73}},"14":{"start":{"line":29,"column":4},"end":{"line":41,"column":5}},"15":{"start":{"line":30,"column":26},"end":{"line":30,"column":34}},"16":{"start":{"line":32,"column":6},"end":{"line":34,"column":7}},"17":{"start":{"line":33,"column":8},"end":{"line":33,"column":50}},"18":{"start":{"line":36,"column":25},"end":{"line":36,"column":62}},"19":{"start":{"line":37,"column":27},"end":{"line":37,"column":58}},"20":{"start":{"line":38,"column":6},"end":{"line":40,"column":7}},"21":{"start":{"line":39,"column":8},"end":{"line":39,"column":38}},"22":{"start":{"line":44,"column":2},"end":{"line":44,"column":30}},"23":{"start":{"line":47,"column":0},"end":{"line":49,"column":2}}},"fnMap":{"0":{"name":"(anonymous_0)","decl":{"start":{"line":9,"column":30},"end":{"line":9,"column":31}},"loc":{"start":{"line":9,"column":36},"end":{"line":45,"column":1}},"line":9},"1":{"name":"(anonymous_1)","decl":{"start":{"line":19,"column":24},"end":{"line":19,"column":25}},"loc":{"start":{"line":19,"column":32},"end":{"line":42,"column":3}},"line":19}},"branchMap":{"0":{"loc":{"start":{"line":15,"column":2},"end":{"line":17,"column":3}},"type":"if","locations":[{"start":{"line":15,"column":2},"end":{"line":17,"column":3}},{"start":{},"end":{}}],"line":15},"1":{"loc":{"start":{"line":32,"column":6},"end":{"line":34,"column":7}},"type":"if","locations":[{"start":{"line":32,"column":6},"end":{"line":34,"column":7}},{"start":{},"end":{}}],"line":32},"2":{"loc":{"start":{"line":38,"column":6},"end":{"line":40,"column":7}},"type":"if","locations":[{"start":{"line":38,"column":6},"end":{"line":40,"column":7}},{"start":{},"end":{}}],"line":38}},"s":{"0":1,"1":1,"2":1,"3":1,"4":0,"5":0,"6":0,"7":0,"8":0,"9":0,"10":0,"11":0,"12":0,"13":0,"14":0,"15":0,"16":0,"17":0,"18":0,"19":0,"20":0,"21":0,"22":0,"23":1},"f":{"0":0,"1":0},"b":{"0":[0,0],"1":[0,0],"2":[0,0]},"_coverageSchema":"1a1c01bbd47fc00a2c39e90264f33305004495a9","hash":"1f7e87b1aaf3799b80b94c81d0387d84a48e8b75"}
,"/root/repo/scripts/importer/utils/content-processor.js": {"path":"/root/repo/scripts/importer/utils/content-processor.js","statementMap":{"0":{"start":{"line":1,"column":37},"end":{"line":1,"column":71}},"1":{"start":{"line":9,"column":27},"end":{"line":71,"column":1}},"2":{"start":{"line":10,"column":16},"end":{"line":10,"column":36}},"3":{"start":{"line":11,"column":16},"end":{"line":11,"column":18}},"4":{"start":{"line":12,"column":22},"end":{"line":12,"column":27}},"5":{"start":{"line":13,"column":17},"end":{"line":13,"column":22}},"6":{"start":{"line":14,"column":24},"end":{"line":14,"column":29}},"7":{"start":{"line":16,"column":2},"end":{"line":68,"column":3}},"8":{"start":{"line":16,"column":15},"end":{"line":16,"column":16}},"9":{"start":{"line":17,"column":17},"end":{"line":17,"column":25}},"10":{"start":{"line":20,"column":4},"end":{"line":23,"column":5}},"11":{"start":{"line":21,"column":6},"end":{"line":21,"column":22}},"12":{"start":{"line":22,"column":6},"end":{"line":22,"column":15}},"13":{"start":{"line":27,"column":4},"end":{"line":32,"column":5}},"14":{"start":{"line":31,"column":6},"end":{"line":31,"column":12}},"15":{"start":{"line":35,"column":4},"end":{"line":38,"column":5}},"16":{"start":{"line":36,"column":6},"end":{"line":36,"column":29}},"17":{"start":{"line":37,"column":6},"end":{"line":37,"column":15}},"18":{"start":{"line":41,"column":4},"end":{"line":44,"column":5}},"19":{"start":{"line":42,"column":6},"end":{"line":42,"column":30}},"20":{"start":{"line":47,"column":4},"end":{"line":49,"column":5}},"21":{"start":{"line":48,"column":6},"end":{"line":48,"column":15}},"22":{"start":{"line":52,"column":4},"end":{"line":54,"column":5}},"23":{"start":{"line":53,"column":6},"end":{"line":53,"column":12}},"24":{"start":{"line":57,"column":4},"end":{"line":61,"column":5}},"25":{"start":{"line":58,"column":6},"end":{"line":58,"column":27}},"26":{"start":{"line":59,"column":11},"end":{"line":61,"column":5}},"27":{"start":{"line":60,"column":6},"end":{"line":60,"column":27}},"28":{"start":{"line":63,"column":4},"end":{"line":65,"column":5}},"29":{"start":{"line":64,"column":6},"end":{"line":64,"column":25}},"30":{"start":{"line":67,"column":4},"end":{"line":67,"column":21}},"31":{"start":{"line":70,"column":2},"end":{"line":70,"column":35}},"32":{"start":{"line":85,"column":30},"end":{"line":94,"column":1}},"33":{"start":{"line":88,"column":2},"end":{"line":88,"column":75}},"34":{"start":{"line":91,"column":2},"end":{"line":91,"column":114}},"35":{"start":{"line":93,"column":2},"end":{"line":93,"column":17}},"36":{"start":{"line":102,"column":21},"end":{"line":132,"column":1}},"37":{"start":{"line":104,"column":2},"end":{"line":106,"column":3}},"38":{"start":{"line":105,"column":4},"end":{"line":105,"column":45}},"39":{"start":{"line":108,"column":2},"end":{"line":131,"column":12}},"40":{"start":{"line":113,"column":24},"end":{"line":113,"column":51}},"41":{"start":{"line":114,"column":6},"end":{"line":114,"column":46}},"42":{"start":{"line":140,"column":23},"end":{"line":150,"column":1}},"43":{"start":{"line":141,"column":20},"end":{"line":141,"column":61}},"44":{"start":{"line":142,"column":16},"end":{"line":142,"column":52}},"45":{"start":{"line":145,"column":2},"end":{"line":147,"column":3}},"46":{"start":{"line":146,"column":4},"end":{"line":146,"column":48}},"47":{"start":{"line":149,"column":2},"end":{"line":149,"column":17}},"48":{"start":{"line":152,"column":0},"end":{"line":156,"column":2}}},"fnMap":{"0":{"name":"(anonymous_0)","decl":{"start":{"line":9,"column":27},"end":{"line":9,"column":28}},"loc":{"start":{"line":9,"column":54},"end":{"line":71,"column":1}},"line":9},"1":{"name":"(anonymous_1)","decl":{"start":{"line":85,"column":30},"end":{"line":85,"column":31}},"loc":{"start":{"line":85,"column":43},"end":{"line":94,"column":1}},"line":85},"2":{"name":"(anonymous_2)","decl":{"start":{"line":102,"column":21},"end":{"line":102,"column":22}},"loc":{"start":{"line":102,"column":47},"end":{"line":132,"column":1}},"line":102},"3":{"name":"(anonymous_3)","decl":{"start":{"line":111,"column":45},"end":{"line":111,"column":46}},"loc":{"start":{"line":111,"column":56},"end":{"line":115,"column":5}},"line":111},"4":{"name":"(anonymous_4)","decl":{"start":{"line":140,"column":23},"end":{"line":140,"column":24}},"loc":{"start":{"line":140,"column":50},"end":{"line":150,"column":1}},"line":140}},"branchMap":{"0":{"loc":{"start":{"line":20,"column":4},"end":{"line":23,"column":5}},"type":"if","locations":[{"start":{"line":20,"column":4},"end":{"line":23,"column":5}},{"start":{},"end":{}}],"line":20},"1":{"loc":{"start":{"line":20,"column":8},"end":{"line":20,"column":89}},"type":"binary-expr","locations":[{"start":{"line":20,"column":8},"end":{"line":20,"column":31}},{"start":{"line":20,"column":35},"end":{"line":20,"column":58}},{"start":{"line":20,"column":62},"end":{"line":20,"column":89}}],"line":20},"2":{"loc":{"start":{"line":27,"column":4},"end":{"line":32,"column":5}},"type":"if","locations":[{"start":{"line":27,"column":4},"end":{"line":32,"column":5}},{"start":{},"end":{}}],"line":27},"3":{"loc":{"start":{"line":27,"column":8},"end":{"line":30,"column":35}},"type":"binary-expr","locations":[{"start":{"line":27,"column":8},"end":{"line":27,"column":36}},{"start":{"line":27,"column":40},"end":{"line":27,"column":69}},{"start":{"line":28,"column":8},"end":{"line":28,"column":37}},{"start":{"line":28,"column":41},"end":{"line":28,"column":76}},{"start":{"line":29,"column":8},"end":{"line":29,"column":41}},{"start":{"line":29,"column":45},"end":{"line":29,"column":72}},{"start":{"line":30,"column":8},"end":{"line":30,"column":35}}],"line":27},"4":{"loc":{"start":{"line":35,"column":4},"end":{"line":38,"column":5}},"type":"if","locations":[{"start":{"line":35,"column":4},"end":{"line":38,"column":5}},{"start":{},"end":{}}],"line":35},"5":{"loc":{"start":{"line":41,"column":4},"end":{"line":44,"column":5}},"type":"if","locations":[{"start":{"line":41,"column":4},"end":{"line":44,"column":5}},{"start":{},"end":{}}],"line":41},"6":{"loc":{"start":{"line":41,"column":8},"end":{"line":41,"column":83}},"type":"binary-expr","locations":[{"start":{"line":41,"column":8},"end":{"line":41,"column":23}},{"start":{"line":41,"column":28},"end":{"line":41,"column":56}},{"start":{"line":41,"column":60},"end":{"line":41,"column":82}}],"line":41},"7":{"loc":{"start":{"line":47,"column":4},"end":{"line":49,"column":5}},"type":"if","locations":[{"start":{"line":47,"column":4},"end":{"line":49,"column":5}},{"start":{},"end":{}}],"line":47},"8":{"loc":{"start":{"line":52,"column":4},"end":{"line":54,"column":5}},"type":"if","locations":[{"start":{"line":52,"column":4},"end":{"line":54,"column":5}},{"start":{},"end":{}}],"line":52},"9":{"loc":{"start":{"line":52,"column":8},"end":{"line":52,"column":66}},"type":"binary-expr","locations":[{"start":{"line":52,"column":8},"end":{"line":52,"column":31}},{"start":{"line":52,"column":35},"end":{"line":52,"column":66}}],"line":52},"10":{"loc":{"start":{"line":57,"column":4},"end":{"line":61,"column":5}},"type":"if","locations":[{"start":{"line":57,"column":4},"end":{"line":61,"column":5}},{"start":{"line":59,"column":11},"end":{"line":61,"column":5}}],"line":57},"11":{"loc":{"start":{"line":57,"column":8},"end":{"line":57,"column":86}},"type":"binary-expr","locations":[{"start":{"line":57,"column":8},"end":{"line":57,"column":30}},{"start":{"line":57,"column":35},"end":{"line":57,"column":54}},{"start":{"line":57,"column":58},"end":{"line":57,"column":85}}],"line":57},"12":{"loc":{"start":{"line":59,"column":11},"end":{"line":61,"column":5}},"type":"if","locations":[{"start":{"line":59,"column":11},"end":{"line":61,"column":5}},{"start":{},"end":{}}],"line":59},"13":{"loc":{"start":{"line":59,"column":15},"end":{"line":59,"column":121}},"type":"binary-expr","locations":[{"start":{"line":59,"column":16},"end":{"line":59,"column":38}},{"start":{"line":59,"column":42},"end":{"line":59,"column":67}},{"start":{"line":59,"column":71},"end":{"line":59,"column":97}},{"start":{"line":59,"column":102},"end":{"line":59,"column":121}}],"line":59},"14":{"loc":{"start":{"line":63,"column":4},"end":{"line":65,"column":5}},"type":"if","locations":[{"start":{"line":63,"column":4},"end":{"line":65,"column":5}},{"start":{},"end":{}}],"line":63},"15":{"loc":{"start":{"line":63,"column":8},"end":{"line":63,"column":34}},"type":"binary-expr","locations":[{"start":{"line":63,"column":8},"end":{"line":63,"column":21}},{"start":{"line":63,"column":25},"end":{"line":63,"column":34}}],"line":63},"16":{"loc":{"start":{"line":104,"column":2},"end":{"line":106,"column":3}},"type":"if","locations":[{"start":{"line":104,"column":2},"end":{"line":106,"column":3}},{"start":{},"end":{}}],"line":104},"17":{"loc":{"start":{"line":114,"column":13},"end":{"line":114,"column":45}},"type":"cond-expr","locations":[{"start":{"line":114,"column":25},"end":{"line":114,"column":37}},{"start":{"line":114,"column":40},"end":{"line":114,"column":45}}],"line":114},"18":{"loc":{"start":{"line":145,"column":2},"end":{"line":147,"column":3}},"type":"if","locations":[{"start":{"line":145,"column":2},"end":{"line":147,"column":3}},{"start":{},"end":{}}],"line":145}},"s":{"0":5,"1":5,"2":49,"3":49,"4":49,"5":49,"6":49,"7":49,"8":49,"9":1109,"10":1109,"11":0,"12":0,"13":1109,"14":0,"15":1109,"16":0,"17":0,"18":1109,"19":0,"20":1109,"21":0,"22":1109,"23":0,"24":1109,"25":21,"26":1088,"27":131,"28":1109,"29":992,"30":1109,"31":49,"32":5,"33":12,"34":12,"35":12,"36":5,"37":49,"38":12,"39":49,"40":0,"41":0,"42":5,"43":49,"44":49,"45":49,"46":10,"47":49,"48":5},"f":{"0":49,"1":12,"2":49,"3":0,"4":49},"b":{"0":[0,1109],"1":[1109,1109,1109],"2":[0,1109],"3":[1109,1109,1109,1109,1109,1109,1109],"4":[0,1109],"5":[0,1109],"6":[1109,0,0],"7":[0,1109],"8":[0,1109],"9":[1109,1109],"10":[21,1088],"11":[1109,131,110],"12":[131,957],"13":[1088,791,533,978],"14":[992,117],"15":[1109,992],"16":[12,37],"17":[0,0],"18":[10,39]},"_coverageSchema":"1a1c01bbd47fc00a2c39e90264f33305004495a9","hash":"3cfad88a49a15e6cb519d01295f9e86760edcb51"}
,"/root/repo/scripts/importer/utils/favicon-extractor.js": {"path":"/root/repo/scripts/importer/utils/favicon-extractor.js","statementMap":{"0":{"start":{"line":1,"column":11},"end":{"line":1,"column":24}},"1":{"start":{"line":2,"column":13},"end":{"line":2,"column":28}},"2":{"start":{"line":3,"column":20},"end":{"line":3,"column":43}},"3":{"start":{"line":10,"column":28},"end":{"line":45,"column":1}},"4":{"start":{"line":11,"column":23},"end":{"line":11,"column":25}},"5":{"start":{"line":14,"column":20},"end":{"line":14,"column":41}},"6":{"start":{"line":15,"column":16},"end":{"line":15,"column":47}},"7":{"start":{"line":17,"column":2},"end":{"line":42,"column":3}},"8":{"start":{"line":18,"column":20},"end":{"line":18,"column":32}},"9":{"start":{"line":21,"column":21},"end":{"line":21,"column":60}},"10":{"start":{"line":22,"column":4},"end":{"line":22,"column":28}},"11":{"start":{"line":22,"column":19},"end":{"line":22,"column":28}},"12":{"start":{"line":24,"column":16},"end":{"line":24,"column":41}},"13":{"start":{"line":25,"column":22},"end":{"line":25,"column":73}},"14":{"start":{"line":27,"column":4},"end":{"line":27,"column":29}},"15":{"start":{"line":27,"column":20},"end":{"line":27,"column":29}},"16":{"start":{"line":30,"column":22},"end":{"line":30,"column":62}},"17":{"start":{"line":31,"column":23},"end":{"line":31,"column":64}},"18":{"start":{"line":32,"column":22},"end":{"line":32,"column":62}},"19":{"start":{"line":34,"column":4},"end":{"line":41,"column":5}},"20":{"start":{"line":35,"column":6},"end":{"line":40,"column":9}},"21":{"start":{"line":44,"column":2},"end":{"line":44,"column":22}},"22":{"start":{"line":53,"column":24},"end":{"line":68,"column":1}},"23":{"start":{"line":54,"column":2},"end":{"line":67,"column":3}},"24":{"start":{"line":56,"column":20},"end":{"line":56,"column":42}},"25":{"start":{"line":57,"column":4},"end":{"line":59,"column":5}},"26":{"start":{"line":58,"column":6},"end":{"line":58,"column":49}},"27":{"start":{"line":62,"column":4},"end":{"line":62,"column":42}},"28":{"start":{"line":63,"column":4},"end":{"line":63,"column":16}},"29":{"start":{"line":65,"column":4},"end":{"line":65,"column":81}},"30":{"start":{"line":66,"column":4},"end":{"line":66,"column":17}},"31":{"start":{"line":76,"column":24},"end":{"line":142,"column":1}},"32":{"start":{"line":77,"column":18},"end":{"line":82,"column":3}},"33":{"start":{"line":84,"column":2},"end":{"line":84,"column":40}},"34":{"start":{"line":87,"column":2},"end":{"line":87,"column":22}},"35":{"start":{"line":90,"column":20},"end":{"line":91,"column":43}},"36":{"start":{"line":91,"column":20},"end":{"line":91,"column":42}},"37":{"start":{"line":93,"column":2},"end":{"line":96,"column":3}},"38":{"start":{"line":94,"column":4},"end":{"line":94,"column":71}},"39":{"start":{"line":95,"column":4},"end":{"line":95,"column":19}},"40":{"start":{"line":99,"column":19},"end":{"line":99,"column":55}},"41":{"start":{"line":100,"column":22},"end":{"line":100,"column":55}},"42":{"start":{"line":101,"column":23},"end":{"line":101,"column":55}},"43":{"start":{"line":103,"column":2},"end":{"line":106,"column":3}},"44":{"start":{"line":104,"column":4},"end":{"line":104,"column":54}},"45":{"start":{"line":105,"column":4},"end":{"line":105,"column":19}},"46":{"start":{"line":109,"column":2},"end":{"line":139,"column":3}},"47":{"start":{"line":110,"column":4},"end":{"line":110,"column":20}},"48":{"start":{"line":113,"column":23},"end":{"line":113,"column":56}},"49":{"start":{"line":116,"column":21},"end":{"line":116,"column":45}},"50":{"start":{"line":117,"column":21},"end":{"line":117,"column":52}},"51":{"start":{"line":119,"column":4},"end":{"line":123,"column":5}},"52":{"start":{"line":120,"column":6},"end":{"line":120,"column":63}},"53":{"start":{"line":121,"column":6},"end":{"line":121,"column":23}},"54":{"start":{"line":122,"column":6},"end":{"line":122,"column":15}},"55":{"start":{"line":125,"column":4},"end":{"line":138,"column":5}},"56":{"start":{"line":126,"column":6},"end":{"line":126,"column":27}},"57":{"start":{"line":127,"column":6},"end":{"line":134,"column":9}},"58":{"start":{"line":135,"column":6},"end":{"line":135,"column":42}},"59":{"start":{"line":137,"column":6},"end":{"line":137,"column":23}},"60":{"start":{"line":141,"column":2},"end":{"line":141,"column":17}},"61":{"start":{"line":144,"column":0},"end":{"line":148,"column":2}}},"fnMap":{"0":{"name":"(anonymous_0)","decl":{"start":{"line":10,"column":28},"end":{"line":10,"column":29}},"loc":{"start":{"line":10,"column":45},"end":{"line":45,"column":1}},"line":10},"1":{"name":"(anonymous_1)","decl":{"start":{"line":53,"column":24},"end":{"line":53,"column":25}},"loc":{"start":{"line":53,"column":50},"end":{"line":68,"column":1}},"line":53},"2":{"name":"(anonymous_2)","decl":{"start":{"line":76,"column":24},"end":{"line":76,"column":25}},"loc":{"start":{"line":76,"column":53},"end":{"line":142,"column":1}},"line":76},"3":{"name":"(anonymous_3)","decl":{"start":{"line":91,"column":12},"end":{"line":91,"column":13}},"loc":{"start":{"line":91,"column":20},"end":{"line":91,"column":42}},"line":91}},"branchMap":{"0":{"loc":{"start":{"line":22,"column":4},"end":{"line":22,"column":28}},"type":"if","locations":[{"start":{"line":22,"column":4},"end":{"line":22,"column":28}},{"start":{},"end":{}}],"line":22},"1":{"loc":{"start":{"line":25,"column":22},"end":{"line":25,"column":73}},"type":"binary-expr","locations":[{"start":{"line":25,"column":22},"end":{"line":25,"column":42}},{"start":{"line":25,"column":46},"end":{"line":25,"column":73}}],"line":25},"2":{"loc":{"start":{"line":27,"column":4},"end":{"line":27,"column":29}},"type":"if","locations":[{"start":{"line":27,"column":4},"end":{"line":27,"column":29}},{"start":{},"end":{}}],"line":27},"3":{"loc":{"start":{"line":34,"column":4},"end":{"line":41,"column":5}},"type":"if","locations":[{"start":{"line":34,"column":4},"end":{"line":41,"column":5}},{"start":{},"end":{}}],"line":34},"4":{"loc":{"start":{"line":38,"column":15},"end":{"line":38,"column":48}},"type":"cond-expr","locations":[{"start":{"line":38,"column":28},"end":{"line":38,"column":41}},{"start":{"line":38,"column":44},"end":{"line":38,"column":48}}],"line":38},"5":{"loc":{"start":{"line":39,"column":14},"end":{"line":39,"column":45}},"type":"cond-expr","locations":[{"start":{"line":39,"column":26},"end":{"line":39,"column":38}},{"start":{"line":39,"column":41},"end":{"line":39,"column":45}}],"line":39},"6":{"loc":{"start":{"line":57,"column":4},"end":{"line":59,"column":5}},"type":"if","locations":[{"start":{"line":57,"column":4},"end":{"line":59,"column":5}},{"start":{},"end":{}}],"line":57},"7":{"loc":{"start":{"line":93,"column":2},"end":{"line":96,"column":3}},"type":"if","locations":[{"start":{"line":93,"column":2},"end":{"line":96,"column":3}},{"start":{},"end":{}}],"line":93},"8":{"loc":{"start":{"line":103,"column":2},"end":{"line":106,"column":3}},"type":"if","locations":[{"start":{"line":103,"column":2},"end":{"line":106,"column":3}},{"start":{},"end":{}}],"line":103},"9":{"loc":{"start":{"line":119,"column":4},"end":{"line":123,"column":5}},"type":"if","locations":[{"start":{"line":119,"column":4},"end":{"line":123,"column":5}},{"start":{},"end":{}}],"line":119},"10":{"loc":{"start":{"line":125,"column":4},"end":{"line":138,"column":5}},"type":"if","locations":[{"start":{"line":125,"column":4},"end":{"line":138,"column":5}},{"start":{"line":136,"column":11},"end":{"line":138,"column":5}}],"line":125}},"s":{"0":0,"1":0,"2":0,"3":0,"4":0,"5":0,"6":0,"7":0,"8":0,"9":0,"10":0,"11":0,"12":0,"13":0,"14":0,"15":0,"16":0,"17":0,"18":0,"19":0,"20":0,"21":0,"22":0,"23":0,"24":0,"25":0,"26":0,"27":0,"28":0,"29":0,"30":0,"31":0,"32":0,"33":0,"34":0,"35":0,"36":0,"37":0,"38":0,"39":0,"40":0,"41":0,"42":0,"43":0,"44":0,"45":0,"46":0,"47":0,"48":0,"49":0,"50":0,"51":0,"52":0,"53":0,"54":0,"55":0,"56":0,"57":0,"58":0,"59":0,"60":0,"61":0},"f":{"0":0,"1":0,"2":0,"3":0},"b":{"0":[0,0],"1":[0,0],"2":[0,0],"3":[0,0],"4":[0,0],"5":[0,0],"6":[0,0],"7":[0,0],"8":[0,0],"9":[0,0],"10":[0,0]}}
,"/root/repo/scripts/importer/utils/filesystem.js": {"path":"/root/repo/scripts/importer/utils/filesystem.js","statementMap":{"0":{"start":{"line":1,"column":11},"end":{"line":1,"column":24}},"1":{"start":{"line":2,"column":13},"end":{"line":2,"column":28}},"2":{"start":{"line":3,"column":14},"end":{"line":3,"column":30}},"3":{"start":{"line":9,"column":18},"end":{"line":13,"column":1}},"4":{"start":{"line":10,"column":2},"end":{"line":12,"column":3}},"5":{"start":{"line":11,"column":4},"end":{"line":11,"column":43}},"6":{"start":{"line":20,"column":21},"end":{"line":22,"column":1}},"7":{"start":{"line":21,"column":2},"end":{"line":21,"column":43}},"8":{"start":{"line":29,"column":26},"end":{"line":31,"column":1}},"9":{"start":{"line":30,"column":2},"end":{"line":30,"column":38}},"10":{"start":{"line":38,"column":22},"end":{"line":43,"column":1}},"11":{"start":{"line":39,"column":2},"end":{"line":41,"column":3}},"12":{"start":{"line":40,"column":4},"end":{"line":40,"column":14}},"13":{"start":{"line":42,"column":2},"end":{"line":42,"column":62}},"14":{"start":{"line":42,"column":41},"end":{"line":42,"column":60}},"15":{"start":{"line":49,"column":23},"end":{"line":59,"column":1}},"16":{"start":{"line":50,"column":2},"end":{"line":58,"column":3}},"17":{"start":{"line":51,"column":18},"end":{"line":51,"column":37}},"18":{"start":{"line":52,"column":4},"end":{"line":57,"column":7}},"19":{"start":{"line":53,"column":23},"end":{"line":53,"column":43}},"20":{"start":{"line":54,"column":6},"end":{"line":56,"column":7}},"21":{"start":{"line":55,"column":8},"end":{"line":55,"column":32}},"22":{"start":{"line":65,"column":16},"end":{"line":68,"column":1}},"23":{"start":{"line":66,"column":2},"end":{"line":66,"column":17}},"24":{"start":{"line":67,"column":2},"end":{"line":67,"column":22}},"25":{"start":{"line":76,"column":21},"end":{"line":92,"column":1}},"26":{"start":{"line":77,"column":2},"end":{"line":91,"column":5}},"27":{"start":{"line":78,"column":4},"end":{"line":90,"column":27}},"28":{"start":{"line":79,"column":6},"end":{"line":89,"column":7}},"29":{"start":{"line":80,"column":28},"end":{"line":80,"column":58}},"30":{"start":{"line":81,"column":8},"end":{"line":81,"column":35}},"31":{"start":{"line":82,"column":8},"end":{"line":85,"column":11}},"32":{"start":{"line":83,"column":10},"end":{"line":83,"column":30}},"33":{"start":{"line":84,"column":10},"end":{"line":84,"column":20}},"34":{"start":{"line":86,"column":8},"end":{"line":86,"column":40}},"35":{"start":{"line":88,"column":8},"end":{"line":88,"column":72}},"36":{"start":{"line":99,"column":25},"end":{"line":100,"column":54}},"37":{"start":{"line":100,"column":2},"end":{"line":100,"column":54}},"38":{"start":{"line":107,"column":25},"end":{"line":108,"column":42}},"39":{"start":{"line":108,"column":2},"end":{"line":108,"column":42}},"40":{"start":{"line":110,"column":0},"end":{"line":120,"column":2}}},"fnMap":{"0":{"name":"(anonymous_0)","decl":{"start":{"line":9,"column":18},"end":{"line":9,"column":19}},"loc":{"start":{"line":9,"column":27},"end":{"line":13,"column":1}},"line":9},"1":{"name":"(anonymous_1)","decl":{"start":{"line":20,"column":21},"end":{"line":20,"column":22}},"loc":{"start":{"line":20,"column":35},"end":{"line":22,"column":1}},"line":20},"2":{"name":"(anonymous_2)","decl":{"start":{"line":29,"column":26},"end":{"line":29,"column":27}},"loc":{"start":{"line":29,"column":49},"end":{"line":31,"column":1}},"line":29},"3":{"name":"(anonymous_3)","decl":{"start":{"line":38,"column":22},"end":{"line":38,"column":23}},"loc":{"start":{"line":38,"column":31},"end":{"line":43,"column":1}},"line":38},"4":{"name":"(anonymous_4)","decl":{"start":{"line":42,"column":36},"end":{"line":42,"column":37}},"loc":{"start":{"line":42,"column":41},"end":{"line":42,"column":60}},"line":42},"5":{"name":"(anonymous_5)","decl":{"start":{"line":49,"column":23},"end":{"line":49,"column":24}},"loc":{"start":{"line":49,"column":32},"end":{"line":59,"column":1}},"line":49},"6":{"name":"(anonymous_6)","decl":{"start":{"line":52,"column":18},"end":{"line":52,"column":19}},"loc":{"start":{"line":52,"column":26},"end":{"line":57,"column":5}},"line":52},"7":{"name":"(anonymous_7)","decl":{"start":{"line":65,"column":16},"end":{"line":65,"column":17}},"loc":{"start":{"line":65,"column":25},"end":{"line":68,"column":1}},"line":65},"8":{"name":"(anonymous_8)","decl":{"start":{"line":76,"column":21},"end":{"line":76,"column":22}},"loc":{"start":{"line":76,"column":40},"end":{"line":92,"column":1}},"line":76},"9":{"name":"(anonymous_9)","decl":{"start":{"line":77,"column":21},"end":{"line":77,"column":22}},"loc":{"start":{"line":77,"column":42},"end":{"line":91,"column":3}},"line":77},"10":{"name":"(anonymous_10)","decl":{"start":{"line":78,"column":19},"end":{"line":78,"column":20}},"loc":{"start":{"line":78,"column":33},"end":{"line":90,"column":5}},"line":78},"11":{"name":"(anonymous_11)","decl":{"start":{"line":82,"column":33},"end":{"line":82,"column":34}},"loc":{"start":{"line":82,"column":39},"end":{"line":85,"column":9}},"line":82},"12":{"name":"(anonymous_12)","decl":{"start":{"line":99,"column":25},"end":{"line":99,"column":26}},"loc":{"start":{"line":100,"column":2},"end":{"line":100,"column":54}},"line":100},"13":{"name":"(anonymous_13)","decl":{"start":{"line":107,"column":25},"end":{"line":107,"column":26}},"loc":{"start":{"line":108,"column":2},"end":{"line":108,"column":42}},"line":108}},"branchMap":{"0":{"loc":{"start":{"line":10,"column":2},"end":{"line":12,"column":3}},"type":"if","locations":[{"start":{"line":10,"column":2},"end":{"line":12,"column":3}},{"start":{},"end":{}}],"line":10},"1":{"loc":{"start":{"line":39,"column":2},"end":{"line":41,"column":3}},"type":"if","locations":[{"start":{"line":39,"column":2},"end":{"line":41,"column":3}},{"start":{},"end":{}}],"line":39},"2":{"loc":{"start":{"line":50,"column":2},"end":{"line":58,"column":3}},"type":"if","locations":[{"start":{"line":50,"column":2},"end":{"line":58,"column":3}},{"start":{},"end":{}}],"line":50},"3":{"loc":{"start":{"line":54,"column":6},"end":{"line":56,"column":7}},"type":"if","locations":[{"start":{"line":54,"column":6},"end":{"line":56,"column":7}},{"start":{},"end":{}}],"line":54},"4":{"loc":{"start":{"line":79,"column":6},"end":{"line":89,"column":7}},"type":"if","locations":[{"start":{"line":79,"column":6},"end":{"line":89,"column":7}},{"start":{"line":87,"column":13},"end":{"line":89,"column":7}}],"line":79}},"s":{"0":5,"1":5,"2":5,"3":5,"4":0,"5":0,"6":5,"7":42,"8":5,"9":38,"10":5,"11":5,"12":3,"13":2,"14":13,"15":5,"16":0,"17":0,"18":0,"19":0,"20":0,"21":0,"22":5,"23":0,"24":0,"25":5,"26":0,"27":0,"28":0,"29":0,"30":0,"31":0,"32":0,"33":0,"34":0,"35":0,"36":5,"37":46,"38":5,"39":44,"40":5},"f":{"0":0,"1":42,"2":38,"3":5,"4":13,"5":0,"6":0,"7":0,"8":0,"9":0,"10":0,"11":0,"12":46,"13":44},"b":{"0":[0,0],"1":[3,2],"2":[0,0],"3":[0,0],"4":[0,0]},"_coverageSchema":"1a1c01bbd47fc00a2c39e90264f33305004495a9","hash":"860211da8554c6982f473598a84515ac37a414a0"}
,"/root/repo/scripts/importer/utils/frontmatter-generator.js": {"path":"/root/repo/scripts/importer/utils/frontmatter-generator.js","statementMap":{"0":{"start":{"line":4,"column":20},"end":{"line":16,"column":1}},"1":{"start":{"line":24,"column":32},"end":{"line":49,"column":1}},"2":{"start":{"line":25,"column":21},"end":{"line":25,"column":44}},"3":{"start":{"line":26,"column":17},"end":{"line":26,"column":44}},"4":{"start":{"line":29,"column":20},"end":{"line":29,"column":42}},"5":{"start":{"line":30,"column":20},"end":{"line":30,"column":78}},"6":{"start":{"line":32,"column":20},"end":{"line":37,"column":18}},"7":{"start":{"line":40,"column":2},"end":{"line":45,"column":3}},"8":{"start":{"line":41,"column":4},"end":{"line":44,"column":34}},"9":{"start":{"line":47,"column":2},"end":{"line":47,"column":25}},"10":{"start":{"line":48,"column":2},"end":{"line":48,"column":21}},"11":{"start":{"line":58,"column":32},"end":{"line":67,"column":1}},"12":{"start":{"line":59,"column":2},"end":{"line":66,"column":5}},"13":{"start":{"line":79,"column":35},"end":{"line":104,"column":1}},"14":{"start":{"line":81,"column":24},"end":{"line":81,"column":97}},"15":{"start":{"line":82,"column":25},"end":{"line":84,"column":10}},"16":{"start":{"line":83,"column":33},"end":{"line":83,"column":41}},"17":{"start":{"line":87,"column":20},"end":{"line":95,"column":13}},"18":{"start":{"line":98,"column":2},"end":{"line":100,"column":3}},"19":{"start":{"line":99,"column":4},"end":{"line":99,"column":62}},"20":{"start":{"line":102,"column":2},"end":{"line":102,"column":25}},"21":{"start":{"line":103,"column":2},"end":{"line":103,"column":21}},"22":{"start":{"line":112,"column":36},"end":{"line":121,"column":1}},"23":{"start":{"line":113,"column":2},"end":{"line":120,"column":5}},"24":{"start":{"line":129,"column":34},"end":{"line":134,"column":1}},"25":{"start":{"line":130,"column":2},"end":{"line":133,"column":5}},"26":{"start":{"line":136,"column":0},"end":{"line":142,"column":2}}},"fnMap":{"0":{"name":"(anonymous_0)","decl":{"start":{"line":24,"column":32},"end":{"line":24,"column":33}},"loc":{"start":{"line":24,"column":52},"end":{"line":49,"column":1}},"line":24},"1":{"name":"(anonymous_1)","decl":{"start":{"line":58,"column":32},"end":{"line":58,"column":33}},"loc":{"start":{"line":58,"column":58},"end":{"line":67,"column":1}},"line":58},"2":{"name":"(anonymous_2)","decl":{"start":{"line":79,"column":35},"end":{"line":79,"column":36}},"loc":{"start":{"line":79,"column":102},"end":{"line":104,"column":1}},"line":79},"3":{"name":"(anonymous_3)","decl":{"start":{"line":83,"column":28},"end":{"line":83,"column":29}},"loc":{"start":{"line":83,"column":33},"end":{"line":83,"column":41}},"line":83},"4":{"name":"(anonymous_4)","decl":{"start":{"line":112,"column":36},"end":{"line":112,"column":37}},"loc":{"start":{"line":112,"column":56},"end":{"line":121,"column":1}},"line":112},"5":{"name":"(anonymous_5)","decl":{"start":{"line":129,"column":34},"end":{"line":129,"column":35}},"loc":{"start":{"line":129,"column":57},"end":{"line":134,"column":1}},"line":129}},"branchMap":{"0":{"loc":{"start":{"line":25,"column":21},"end":{"line":25,"column":44}},"type":"binary-expr","locations":[{"start":{"line":25,"column":21},"end":{"line":25,"column":38}},{"start":{"line":25,"column":42},"end":{"line":25,"column":44}}],"line":25},"1":{"loc":{"start":{"line":26,"column":17},"end":{"line":26,"column":44}},"type":"binary-expr","locations":[{"start":{"line":26,"column":17},"end":{"line":26,"column":34}},{"start":{"line":26,"column":38},"end":{"line":26,"column":44}}],"line":26},"2":{"loc":{"start":{"line":30,"column":20},"end":{"line":30,"column":78}},"type":"cond-expr","locations":[{"start":{"line":30,"column":47},"end":{"line":30,"column":58}},{"start":{"line":30,"column":61},"end":{"line":30,"column":78}}],"line":30},"3":{"loc":{"start":{"line":33,"column":16},"end":{"line":33,"column":60}},"type":"binary-expr","locations":[{"start":{"line":33,"column":16},"end":{"line":33,"column":36}},{"start":{"line":33,"column":40},"end":{"line":33,"column":54}},{"start":{"line":33,"column":58},"end":{"line":33,"column":60}}],"line":33},"4":{"loc":{"start":{"line":34,"column":15},"end":{"line":34,"column":35}},"type":"binary-expr","locations":[{"start":{"line":34,"column":15},"end":{"line":34,"column":29}},{"start":{"line":34,"column":33},"end":{"line":34,"column":35}}],"line":34},"5":{"loc":{"start":{"line":35,"column":21},"end":{"line":35,"column":52}},"type":"binary-expr","locations":[{"start":{"line":35,"column":21},"end":{"line":35,"column":46}},{"start":{"line":35,"column":50},"end":{"line":35,"column":52}}],"line":35},"6":{"loc":{"start":{"line":40,"column":2},"end":{"line":45,"column":3}},"type":"if","locations":[{"start":{"line":40,"column":2},"end":{"line":45,"column":3}},{"start":{},"end":{}}],"line":40},"7":{"loc":{"start":{"line":60,"column":10},"end":{"line":60,"column":51}},"type":"binary-expr","locations":[{"start":{"line":60,"column":10},"end":{"line":60,"column":24}},{"start":{"line":60,"column":28},"end":{"line":60,"column":51}}],"line":60},"8":{"loc":{"start":{"line":62,"column":16},"end":{"line":62,"column":60}},"type":"binary-expr","locations":[{"start":{"line":62,"column":16},"end":{"line":62,"column":36}},{"start":{"line":62,"column":40},"end":{"line":62,"column":54}},{"start":{"line":62,"column":58},"end":{"line":62,"column":60}}],"line":62},"9":{"loc":{"start":{"line":63,"column":15},"end":{"line":63,"column":35}},"type":"binary-expr","locations":[{"start":{"line":63,"column":15},"end":{"line":63,"column":29}},{"start":{"line":63,"column":33},"end":{"line":63,"column":35}}],"line":63},"10":{"loc":{"start":{"line":64,"column":21},"end":{"line":64,"column":52}},"type":"binary-expr","locations":[{"start":{"line":64,"column":21},"end":{"line":64,"column":46}},{"start":{"line":64,"column":50},"end":{"line":64,"column":52}}],"line":64},"11":{"loc":{"start":{"line":79,"column":84},"end":{"line":79,"column":97}},"type":"default-arg","locations":[{"start":{"line":79,"column":93},"end":{"line":79,"column":97}}],"line":79},"12":{"loc":{"start":{"line":81,"column":24},"end":{"line":81,"column":97}},"type":"cond-expr","locations":[{"start":{"line":81,"column":52},"end":{"line":81,"column":62}},{"start":{"line":81,"column":66},"end":{"line":81,"column":96}}],"line":81},"13":{"loc":{"start":{"line":81,"column":66},"end":{"line":81,"column":96}},"type":"cond-expr","locations":[{"start":{"line":81,"column":79},"end":{"line":81,"column":91}},{"start":{"line":81,"column":94},"end":{"line":81,"column":96}}],"line":81},"14":{"loc":{"start":{"line":82,"column":25},"end":{"line":84,"column":10}},"type":"cond-expr","locations":[{"start":{"line":83,"column":6},"end":{"line":83,"column":56}},{"start":{"line":84,"column":6},"end":{"line":84,"column":10}}],"line":82},"15":{"loc":{"start":{"line":88,"column":10},"end":{"line":88,"column":45}},"type":"binary-expr","locations":[{"start":{"line":88,"column":10},"end":{"line":88,"column":21}},{"start":{"line":88,"column":25},"end":{"line":88,"column":39}},{"start":{"line":88,"column":43},"end":{"line":88,"column":45}}],"line":88},"16":{"loc":{"start":{"line":90,"column":16},"end":{"line":90,"column":75}},"type":"binary-expr","locations":[{"start":{"line":90,"column":16},"end":{"line":90,"column":27}},{"start":{"line":90,"column":31},"end":{"line":90,"column":51}},{"start":{"line":90,"column":55},"end":{"line":90,"column":69}},{"start":{"line":90,"column":73},"end":{"line":90,"column":75}}],"line":90},"17":{"loc":{"start":{"line":91,"column":15},"end":{"line":91,"column":35}},"type":"binary-expr","locations":[{"start":{"line":91,"column":15},"end":{"line":91,"column":29}},{"start":{"line":91,"column":33},"end":{"line":91,"column":35}}],"line":91},"18":{"loc":{"start":{"line":92,"column":21},"end":{"line":92,"column":52}},"type":"binary-expr","locations":[{"start":{"line":92,"column":21},"end":{"line":92,"column":46}},{"start":{"line":92,"column":50},"end":{"line":92,"column":52}}],"line":92},"19":{"loc":{"start":{"line":98,"column":2},"end":{"line":100,"column":3}},"type":"if","locations":[{"start":{"line":98,"column":2},"end":{"line":100,"column":3}},{"start":{},"end":{}}],"line":98},"20":{"loc":{"start":{"line":98,"column":6},"end":{"line":98,"column":35}},"type":"binary-expr","locations":[{"start":{"line":98,"column":6},"end":{"line":98,"column":12}},{"start":{"line":98,"column":16},"end":{"line":98,"column":35}}],"line":98},"21":{"loc":{"start":{"line":114,"column":10},"end":{"line":114,"column":30}},"type":"binary-expr","locations":[{"start":{"line":114,"column":10},"end":{"line":114,"column":24}},{"start":{"line":114,"column":28},"end":{"line":114,"column":30}}],"line":114},"22":{"loc":{"start":{"line":115,"column":16},"end":{"line":115,"column":60}},"type":"binary-expr","locations":[{"start":{"line":115,"column":16},"end":{"line":115,"column":36}},{"start":{"line":115,"column":40},"end":{"line":115,"column":54}},{"start":{"line":115,"column":58},"end":{"line":115,"column":60}}],"line":115},"23":{"loc":{"start":{"line":116,"column":15},"end":{"line":116,"column":35}},"type":"binary-expr","locations":[{"start":{"line":116,"column":15},"end":{"line":116,"column":29}},{"start":{"line":116,"column":33},"end":{"line":116,"column":35}}],"line":116},"24":{"loc":{"start":{"line":117,"column":21},"end":{"line":117,"column":52}},"type":"binary-expr","locations":[{"start":{"line":117,"column":21},"end":{"line":117,"column":46}},{"start":{"line":117,"column":50},"end":{"line":117,"column":52}}],"line":117}},"s":{"0":5,"1":5,"2":23,"3":23,"4":23,"5":23,"6":23,"7":23,"8":3,"9":23,"10":23,"11":5,"12":14,"13":5,"14":15,"15":15,"16":2,"17":15,"18":15,"19":0,"20":15,"21":15,"22":5,"23":15,"24":5,"25":0,"26":5},"f":{"0":23,"1":14,"2":15,"3":2,"4":15,"5":0},"b":{"0":[23,20],"1":[23,23],"2":[0,23],"3":[23,23,2],"4":[23,2],"5":[23,16],"6":[3,20],"7":[14,0],"8":[14,14,0],"9":[14,0],"10":[14,5],"11":[1],"12":[14,1],"13":[0,1],"14":[1,14],"15":[15,10,0],"16":[15,10,10,0],"17":[15,0],"18":[15,6],"19":[0,15],"20":[15,14],"21":[15,0],"22":[15,15,0],"23":[15,0],"24":[15,4]},"_coverageSchema":"1a1c01bbd47fc00a2c39e90264f33305004495a9","hash":"ad140c0bfa8580265c3f9e7e5cd15b202e63c7e1"}
,"/root/repo/scripts/importer/utils/html-patterns.js": {"path":"/root/repo/scripts/importer/utils/html-patterns.js","statementMap":{"0":{"start":{"line":6,"column":17},"end":{"line":11,"column":1}},"1":{"start":{"line":8,"column":21},"end":{"line":8,"column":94}},"2":{"start":{"line":9,"column":26},"end":{"line":9,"column":103}},"3":{"start":{"line":10,"column":20},"end":{"line":10,"column":88}},"4":{"start":{"line":20,"column":16},"end":{"line":23,"column":1}},"5":{"start":{"line":21,"column":16},"end":{"line":21,"column":35}},"6":{"start":{"line":22,"column":2},"end":{"line":22,"column":42}},"7":{"start":{"line":25,"column":0},"end":{"line":28,"column":2}}},"fnMap":{"0":{"name":"(anonymous_0)","decl":{"start":{"line":8,"column":11},"end":{"line":8,"column":12}},"loc":{"start":{"line":8,"column":21},"end":{"line":8,"column":94}},"line":8},"1":{"name":"(anonymous_1)","decl":{"start":{"line":9,"column":16},"end":{"line":9,"column":17}},"loc":{"start":{"line":9,"column":26},"end":{"line":9,"column":103}},"line":9},"2":{"name":"(anonymous_2)","decl":{"start":{"line":10,"column":11},"end":{"line":10,"column":12}},"loc":{"start":{"line":10,"column":20},"end":{"line":10,"column":88}},"line":10},"3":{"name":"(anonymous_3)","decl":{"start":{"line":20,"column":16},"end":{"line":20,"column":17}},"loc":{"start":{"line":20,"column":46},"end":{"line":23,"column":1}},"line":20}},"branchMap":{"0":{"loc":{"start":{"line":20,"column":32},"end":{"line":20,"column":41}},"type":"default-arg","locations":[{"start":{"line":20,"column":40},"end":{"line":20,"column":41}}],"line":20},"1":{"loc":{"start":{"line":22,"column":9},"end":{"line":22,"column":41}},"type":"cond-expr","locations":[{"start":{"line":22,"column":17},"end":{"line":22,"column":36}},{"start":{"line":22,"column":39},"end":{"line":22,"column":41}}],"line":22}},"s":{"0":5,"1":43,"2":43,"3":43,"4":5,"5":172,"6":172,"7":5},"f":{"0":43,"1":43,"2":43,"3":172},"b":{"0":[172],"1":[85,87]},"_coverageSchema":"1a1c01bbd47fc00a2c39e90264f33305004495a9","hash":"f251290d12cbeaf1ce8a6a92d321721821c031a6"}
,"/root/repo/scripts/importer/utils/image-downloader.js": {"path":"/root/repo/scripts/importer/utils/image-downloader.js","statementMap":{"0":{"start":{"line":1,"column":13},"end":{"line":1,"column":28}},"1":{"start":{"line":2,"column":36},"end":{"line":2,"column":59}},"2":{"start":{"line":9,"column":40},"end":{"line":9,"column":87}},"3":{"start":{"line":9,"column":49},"end":{"line":9,"column":87}},"4":{"start":{"line":18,"column":30},"end":{"line":24,"column":1}},"5":{"start":{"line":19,"column":17},"end":{"line":19,"column":29}},"6":{"start":{"line":20,"column":20},"end":{"line":20,"column":46}},"7":{"start":{"line":21,"column":23},"end":{"line":21,"column":68}},"8":{"start":{"line":22,"column":20},"end":{"line":22,"column":78}},"9":{"start":{"line":23,"column":2},"end":{"line":23,"column":63}},"10":{"start":{"line":34,"column":22},"end":{"line":51,"column":1}},"11":{"start":{"line":35,"column":2},"end":{"line":35,"column":27}},"12":{"start":{"line":35,"column":17},"end":{"line":35,"column":27}},"13":{"start":{"line":37,"column":20},"end":{"line":37,"column":61}},"14":{"start":{"line":38,"column":20},"end":{"line":38,"column":81}},"15":{"start":{"line":39,"column":2},"end":{"line":39,"column":23}},"16":{"start":{"line":41,"column":24},"end":{"line":41,"column":87}},"17":{"start":{"line":42,"column":20},"end":{"line":42,"column":55}},"18":{"start":{"line":44,"column":2},"end":{"line":50,"column":3}},"19":{"start":{"line":45,"column":4},"end":{"line":45,"column":45}},"20":{"start":{"line":46,"column":4},"end":{"line":46,"column":53}},"21":{"start":{"line":48,"column":4},"end":{"line":48,"column":87}},"22":{"start":{"line":49,"column":4},"end":{"line":49,"column":14}},"23":{"start":{"line":59,"column":29},"end":{"line":60,"column":59}},"24":{"start":{"line":60,"column":2},"end":{"line":60,"column":59}},"25":{"start":{"line":69,"column":31},"end":{"line":89,"column":1}},"26":{"start":{"line":70,"column":21},"end":{"line":70,"column":80}},"27":{"start":{"line":71,"column":18},"end":{"line":71,"column":51}},"28":{"start":{"line":73,"column":23},"end":{"line":73,"column":30}},"29":{"start":{"line":75,"column":2},"end":{"line":86,"column":3}},"30":{"start":{"line":76,"column":20},"end":{"line":76,"column":28}},"31":{"start":{"line":77,"column":21},"end":{"line":77,"column":29}},"32":{"start":{"line":78,"column":20},"end":{"line":78,"column":68}},"33":{"start":{"line":80,"column":4},"end":{"line":85,"column":5}},"34":{"start":{"line":81,"column":6},"end":{"line":84,"column":8}},"35":{"start":{"line":88,"column":2},"end":{"line":88,"column":24}},"36":{"start":{"line":91,"column":0},"end":{"line":96,"column":2}}},"fnMap":{"0":{"name":"(anonymous_0)","decl":{"start":{"line":9,"column":40},"end":{"line":9,"column":41}},"loc":{"start":{"line":9,"column":49},"end":{"line":9,"column":87}},"line":9},"1":{"name":"(anonymous_1)","decl":{"start":{"line":18,"column":30},"end":{"line":18,"column":31}},"loc":{"start":{"line":18,"column":58},"end":{"line":24,"column":1}},"line":18},"2":{"name":"(anonymous_2)","decl":{"start":{"line":34,"column":22},"end":{"line":34,"column":23}},"loc":{"start":{"line":34,"column":78},"end":{"line":51,"column":1}},"line":34},"3":{"name":"(anonymous_3)","decl":{"start":{"line":59,"column":29},"end":{"line":59,"column":30}},"loc":{"start":{"line":60,"column":2},"end":{"line":60,"column":59}},"line":60},"4":{"name":"(anonymous_4)","decl":{"start":{"line":69,"column":31},"end":{"line":69,"column":32}},"loc":{"start":{"line":69,"column":69},"end":{"line":89,"column":1}},"line":69}},"branchMap":{"0":{"loc":{"start":{"line":22,"column":20},"end":{"line":22,"column":78}},"type":"binary-expr","locations":[{"start":{"line":22,"column":20},"end":{"line":22,"column":68}},{"start":{"line":22,"column":72},"end":{"line":22,"column":78}}],"line":22},"1":{"loc":{"start":{"line":34,"column":58},"end":{"line":34,"column":73}},"type":"default-arg","locations":[{"start":{"line":34,"column":69},"end":{"line":34,"column":73}}],"line":34},"2":{"loc":{"start":{"line":35,"column":2},"end":{"line":35,"column":27}},"type":"if","locations":[{"start":{"line":35,"column":2},"end":{"line":35,"column":27}},{"start":{},"end":{}}],"line":35},"3":{"loc":{"start":{"line":41,"column":24},"end":{"line":41,"column":87}},"type":"binary-expr","locations":[{"start":{"line":41,"column":24},"end":{"line":41,"column":32}},{"start":{"line":41,"column":36},"end":{"line":41,"column":87}}],"line":41},"4":{"loc":{"start":{"line":80,"column":4},"end":{"line":85,"column":5}},"type":"if","locations":[{"start":{"line":80,"column":4},"end":{"line":85,"column":5}},{"start":{},"end":{}}],"line":80}},"s":{"0":3,"1":3,"2":3,"3":0,"4":3,"5":0,"6":0,"7":0,"8":0,"9":0,"10":3,"11":9,"12":9,"13":0,"14":0,"15":0,"16":0,"17":0,"18":0,"19":0,"20":0,"21":0,"22":0,"23":3,"24":9,"25":3,"26":29,"27":29,"28":29,"29":29,"30":0,"31":0,"32":0,"33":0,"34":0,"35":29,"36":3},"f":{"0":0,"1":0,"2":9,"3":9,"4":29},"b":{"0":[0,0],"1":[0],"2":[9,0],"3":[0,0],"4":[0
[...]
":23,"column":4},"end":{"line":23,"column":78}},"9":{"start":{"line":26,"column":22},"end":{"line":26,"column":75}},"10":{"start":{"line":27,"column":2},"end":{"line":29,"column":3}},"11":{"start":{"line":28,"column":4},"end":{"line":28,"column":44}},"12":{"start":{"line":31,"column":20},"end":{"line":31,"column":71}},"13":{"start":{"line":32,"column":2},"end":{"line":35,"column":3}},"14":{"start":{"line":33,"column":20},"end":{"line":33,"column":89}},"15":{"start":{"line":34,"column":4},"end":{"line":34,"column":40}},"16":{"start":{"line":38,"column":25},"end":{"line":38,"column":59}},"17":{"start":{"line":39,"column":2},"end":{"line":47,"column":3}},"18":{"start":{"line":40,"column":4},"end":{"line":40,"column":42}},"19":{"start":{"line":43,"column":20},"end":{"line":43,"column":75}},"20":{"start":{"line":44,"column":4},"end":{"line":46,"column":5}},"21":{"start":{"line":45,"column":6},"end":{"line":45,"column":37}},"22":{"start":{"line":49,"column":2},"end":{"line":49,"column":18}},"23":{"start":{"line":57,"column":21},"end":{"line":71,"column":1}},"24":{"start":{"line":59,"column":26},"end":{"line":59,"column":100}},"25":{"start":{"line":60,"column":2},"end":{"line":62,"column":3}},"26":{"start":{"line":61,"column":4},"end":{"line":61,"column":36}},"27":{"start":{"line":65,"column":22},"end":{"line":65,"column":68}},"28":{"start":{"line":66,"column":2},"end":{"line":68,"column":3}},"29":{"start":{"line":67,"column":4},"end":{"line":67,"column":32}},"30":{"start":{"line":70,"column":2},"end":{"line":70,"column":12}},"31":{"start":{"line":78,"column":24},"end":{"line":81,"column":1}},"32":{"start":{"line":79,"column":26},"end":{"line":79,"column":123}},"33":{"start":{"line":80,"column":2},"end":{"line":80,"column":51}},"34":{"start":{"line":88,"column":28},"end":{"line":90,"column":1}},"35":{"start":{"line":89,"column":2},"end":{"line":89,"column":50}},"36":{"start":{"line":97,"column":27},"end":{"line":111,"column":1}},"37":{"start":{"line":99,"column":22},"end":{"line":99,"column":78}},"38":{"start":{"line":100,"column":2},"end":{"line":102,"column":3}},"39":{"start":{"line":101,"column":4},"end":{"line":101,"column":51}},"40":{"start":{"line":105,"column":25},"end":{"line":105,"column":59}},"41":{"start":{"line":106,"column":2},"end":{"line":108,"column":3}},"42":{"start":{"line":107,"column":4},"end":{"line":107,"column":51}},"43":{"start":{"line":110,"column":2},"end":{"line":110,"column":12}},"44":{"start":{"line":119,"column":24},"end":{"line":133,"column":1}},"45":{"start":{"line":120,"column":20},"end":{"line":120,"column":86}},"46":{"start":{"line":121,"column":2},"end":{"line":131,"column":3}},"47":{"start":{"line":122,"column":4},"end":{"line":130,"column":5}},"48":{"start":{"line":123,"column":22},"end":{"line":123,"column":41}},"49":{"start":{"line":124,"column":25},"end":{"line":124,"column":42}},"50":{"start":{"line":125,"column":6},"end":{"line":127,"column":7}},"51":{"start":{"line":126,"column":8},"end":{"line":126,"column":54}},"52":{"start":{"line":129,"column":6},"end":{"line":129,"column":25}},"53":{"start":{"line":132,"column":2},"end":{"line":132,"column":21}},"54":{"start":{"line":140,"column":23},"end":{"line":162,"column":1}},"55":{"start":{"line":141,"column":18},"end":{"line":141,"column":20}},"56":{"start":{"line":142,"column":27},"end":{"line":142,"column":136}},"57":{"start":{"line":144,"column":2},"end":{"line":146,"column":3}},"58":{"start":{"line":145,"column":4},"end":{"line":145,"column":19}},"59":{"start":{"line":148,"column":23},"end":{"line":148,"column":42}},"60":{"start":{"line":149,"column":19},"end":{"line":149,"column":164}},"61":{"start":{"line":152,"column":2},"end":{"line":159,"column":3}},"62":{"start":{"line":153,"column":17},"end":{"line":153,"column":32}},"63":{"start":{"line":154,"column":17},"end":{"line":154,"column":53}},"64":{"start":{"line":156,"column":4},"end":{"line":158,"column":5}},"65":{"start":{"line":157,"column":6},"end":{"line":157,"column":35}},"66":{"start":{"line":161,"column":2},"end":{"line":161,"column":17}},"67":{"start":{"line":169,"column":29},"end":{"line":184,"column":1}},"68":{"start":{"line":170,"column":17},"end":{"line":173,"column":3}},"69":{"start":{"line":176,"column":23},"end":{"line":176,"column":102}},"70":{"start":{"line":177,"column":2},"end":{"line":181,"column":3}},"71":{"start":{"line":178,"column":4},"end":{"line":178,"column":42}},"72":{"start":{"line":180,"column":4},"end":{"line":180,"column":41}},"73":{"start":{"line":183,"column":2},"end":{"line":183,"column":16}},"74":{"start":{"line":191,"column":28},"end":{"line":226,"column":1}},"75":{"start":{"line":192,"column":23},"end":{"line":192,"column":25}},"76":{"start":{"line":195,"column":20},"end":{"line":195,"column":41}},"77":{"start":{"line":196,"column":16},"end":{"line":196,"column":47}},"78":{"start":{"line":198,"column":2},"end":{"line":223,"column":3}},"79":{"start":{"line":199,"column":20},"end":{"line":199,"column":32}},"80":{"start":{"line":202,"column":21},"end":{"line":202,"column":60}},"81":{"start":{"line":203,"column":4},"end":{"line":203,"column":28}},"82":{"start":{"line":203,"column":19},"end":{"line":203,"column":28}},"83":{"start":{"line":205,"column":16},"end":{"line":205,"column":41}},"84":{"start":{"line":206,"column":22},"end":{"line":206,"column":73}},"85":{"start":{"line":208,"column":4},"end":{"line":208,"column":29}},"86":{"start":{"line":208,"column":20},"end":{"line":208,"column":29}},"87":{"start":{"line":211,"column":22},"end":{"line":211,"column":62}},"88":{"start":{"line":212,"column":23},"end":{"line":212,"column":64}},"89":{"start":{"line":213,"column":22},"end":{"line":213,"column":62}},"90":{"start":{"line":215,"column":4},"end":{"line":222,"column":5}},"91":{"start":{"line":216,"column":6},"end":{"line":221,"column":9}},"92":{"start":{"line":225,"column":2},"end":{"line":225,"column":22}},"93":{"start":{"line":228,"column":0},"end":{"line":239,"column":2}}},"fnMap":{"0":{"name":"(anonymous_0)","decl":{"start":{"line":8,"column":30},"end":{"line":8,"column":31}},"loc":{"start":{"line":8,"column":47},"end":{"line":11,"column":1}},"line":8},"1":{"name":"(anonymous_1)","decl":{"start":{"line":18,"column":24},"end":{"line":18,"column":25}},"loc":{"start":{"line":18,"column":41},"end":{"line":50,"column":1}},"line":18},"2":{"name":"(anonymous_2)","decl":{"start":{"line":57,"column":21},"end":{"line":57,"column":22}},"loc":{"start":{"line":57,"column":38},"end":{"line":71,"column":1}},"line":57},"3":{"name":"(anonymous_3)","decl":{"start":{"line":78,"column":24},"end":{"line":78,"column":25}},"loc":{"start":{"line":78,"column":41},"end":{"line":81,"column":1}},"line":78},"4":{"name":"(anonymous_4)","decl":{"start":{"line":88,"column":28},"end":{"line":88,"column":29}},"loc":{"start":{"line":88,"column":45},"end":{"line":90,"column":1}},"line":88},"5":{"name":"(anonymous_5)","decl":{"start":{"line":97,"column":27},"end":{"line":97,"column":28}},"loc":{"start":{"line":97,"column":44},"end":{"line":111,"column":1}},"line":97},"6":{"name":"(anonymous_6)","decl":{"start":{"line":119,"column":24},"end":{"line":119,"column":25}},"loc":{"start":{"line":119,"column":65},"end":{"line":133,"column":1}},"line":119},"7":{"name":"(anonymous_7)","decl":{"start":{"line":140,"column":23},"end":{"line":140,"column":24}},"loc":{"start":{"line":140,"column":40},"end":{"line":162,"column":1}},"line":140},"8":{"name":"(anonymous_8)","decl":{"start":{"line":169,"column":29},"end":{"line":169,"column":30}},"loc":{"start":{"line":169,"column":46},"end":{"line":184,"column":1}},"line":169},"9":{"name":"(anonymous_9)","decl":{"start":{"line":191,"column":28},"end":{"line":191,"column":29}},"loc":{"start":{"line":191,"column":45},"end":{"line":226,"column":1}},"line":191}},"branchMap":{"0":{"loc":{"start":{"line":10,"column":9},"end":{"line":10,"column":59}},"type":"cond-expr","locations":[{"start":{"line":10,"column":27},"end":{"line":10,"column":52}},{"start":{"line":10,"column":55},"end":{"line":10,"column":59}}],"line":10},"1":{"loc":{"start":{"line":22,"column":2},"end":{"line":24,"column":3}},"type":"if","locations":[{"start":{"line":22,"column":2},"end":{"line":24,"column":3}},{"start":{},"end":{}}],"line":22},"2":{"loc":{"start":{"line":27,"column":2},"end":{"line":29,"column":3}},"type":"if","locations":[{"start":{"line":27,"column":2},"end":{"line":29,"column":3}},{"start":{},"end":{}}],"line":27},"3":{"loc":{"start":{"line":32,"column":2},"end":{"line":35,"column":3}},"type":"if","locations":[{"start":{"line":32,"column":2},"end":{"line":35,"column":3}},{"start":{},"end":{}}],"line":32},"4":{"loc":{"start":{"line":39,"column":2},"end":{"line":47,"column":3}},"type":"if","locations":[{"start":{"line":39,"column":2},"end":{"line":47,"column":3}},{"start":{"line":41,"column":9},"end":{"line":47,"column":3}}],"line":39},"5":{"loc":{"start":{"line":44,"column":4},"end":{"line":46,"column":5}},"type":"if","locations":[{"start":{"line":44,"column":4},"end":{"line":46,"column":5}},{"start":{},"end":{}}],"line":44},"6":{"loc":{"start":{"line":60,"column":2},"end":{"line":62,"column":3}},"type":"if","locations":[{"start":{"line":60,"column":2},"end":{"line":62,"column":3}},{"start":{},"end":{}}],"line":60},"7":{"loc":{"start":{"line":66,"column":2},"end":{"line":68,"column":3}},"type":"if","locations":[{"start":{"line":66,"column":2},"end":{"line":68,"column":3}},{"start":{},"end":{}}],"line":66},"8":{"loc":{"start":{"line":80,"column":9},"end":{"line":80,"column":50}},"type":"cond-expr","locations":[{"start":{"line":80,"column":27},"end":{"line":80,"column":45}},{"start":{"line":80,"column":48},"end":{"line":80,"column":50}}],"line":80},"9":{"loc":{"start":{"line":89,"column":9},"end":{"line":89,"column":49}},"type":"binary-expr","locations":[{"start":{"line":89,"column":9},"end":{"line":89,"column":43}},{"start":{"line":89,"column":47},"end":{"line":89,"column":49}}],"line":89},"10":{"loc":{"start":{"line":100,"column":2},"end":{"line":102,"column":3}},"type":"if","locations":[{"start":{"line":100,"column":2},"end":{"line":102,"column":3}},{"start":{},"end":{}}],"line":100},"11":{"loc":{"start":{"line":106,"column":2},"end":{"line":108,"column":3}},"type":"if","locations":[{"start":{"line":106,"column":2},"end":{"line":108,"column":3}},{"start":{},"end":{}}],"line":106},"12":{"loc":{"start":{"line":119,"column":34},"end":{"line":119,"column":60}},"type":"default-arg","locations":[{"start":{"line":119,"column":48},"end":{"line":119,"column":60}}],"line":119},"13":{"loc":{"start":{"line":121,"column":2},"end":{"line":131,"column":3}},"type":"if","locations":[{"start":{"line":121,"column":2},"end":{"line":131,"column":3}},{"start":{},"end":{}}],"line":121},"14":{"loc":{"start":{"line":125,"column":6},"end":{"line":127,"column":7}},"type":"if","locations":[{"start":{"line":125,"column":6},"end":{"line":127,"column":7}},{"start":{},"end":{}}],"line":125},"15":{"loc":{"start":{"line":144,"column":2},"end":{"line":146,"column":3}},"type":"if","locations":[{"start":{"line":144,"column":2},"end":{"line":146,"column":3}},{"start":{},"end":{}}],"line":144},"16":{"loc":{"start":{"line":156,"column":4},"end":{"line":158,"column":5}},"type":"if","locations":[{"start":{"line":156,"column":4},"end":{"line":158,"column":5}},{"start":{},"end":{}}],"line":156},"17":{"loc":{"start":{"line":156,"column":8},"end":{"line":156,"column":20}},"type":"binary-expr","locations":[{"start":{"line":156,"column":8},"end":{"line":156,"column":12}},{"start":{"line":156,"column":16},"end":{"line":156,"column":20}}],"line":156},"18":{"loc":{"start":{"line":177,"column":2},"end":{"line":181,"column":3}},"type":"if","locations":[{"start":{"line":177,"column":2},"end":{"line":181,"column":3}},{"start":{},"end":{}}],"line":177},"19":{"loc":{"start":{"line":203,"column":4},"end":{"line":203,"column":28}},"type":"if","locations":[{"start":{"line":203,"column":4},"end":{"line":203,"column":28}},{"start":{},"end":{}}],"line":203},"20":{"loc":{"start":{"line":206,"column":22},"end":{"line":206,"column":73}},"type":"binary-expr","locations":[{"start":{"line":206,"column":22},"end":{"line":206,"column":42}},{"start":{"line":206,"column":46},"end":{"line":206,"column":73}}],"line":206},"21":{"loc":{"start":{"line":208,"column":4},"end":{"line":208,"column":29}},"type":"if","locations":[{"start":{"line":208,"column":4},"end":{"line":208,"column":29}},{"start":{},"end":{}}],"line":208},"22":{"loc":{"start":{"line":215,"column":4},"end":{"line":222,"column":5}},"type":"if","locations":[{"start":{"line":215,"column":4},"end":{"line":222,"column":5}},{"start":{},"end":{}}],"line":215},"23":{"loc":{"start":{"line":219,"column":15},"end":{"line":219,"column":48}},"type":"cond-expr","locations":[{"start":{"line":219,"column":28},"end":{"line":219,"column":41}},{"start":{"line":219,"column":44},"end":{"line":219,"column":48}}],"line":219},"24":{"loc":{"start":{"line":220,"column":14},"end":{"line":220,"column":45}},"type":"cond-expr","locations":[{"start":{"line":220,"column":26},"end":{"line":220,"column":38}},{"start":{"line":220,"column":41},"end":{"line":220,"column":45}}],"line":220}},"s":{"0":5,"1":5,"2":63,"3":63,"4":5,"5":43,"6":43,"7":43,"8":43,"9":43,"10":43,"11":39,"12":43,"13":43,"14":0,"15":0,"16":43,"17":43,"18":0,"19":43,"20":43,"21":0,"22":43,"23":5,"24":9,"25":9,"26":0,"27":9,"28":9,"29":0,"30":9,"31":5,"32":0,"33":0,"34":5,"35":11,"36":5,"37":9,"38":9,"39":0,"40":9,"41":9,"42":0,"43":9,"44":5,"45":9,"46":9,"47":0,"48":0,"49":0,"50":0,"51":0,"52":0,"53":9,"54":5,"55":9,"56":9,"57":9,"58":9,"59":0,"60":0,"61":0,"62":0,"63":0,"64":0,"65":0,"66":0,"67":5,"68":9,"69":9,"70":9,"71":0,"72":0,"73":9,"74":5,"75":0,"76":0,"77":0,"78":0,"79":0,"80":0,"81":0,"82":0,"83":0,"84":0,"85":0,"86":0,"87":0,"88":0,"89":0,"90":0,"91":0,"92":0,"93":5},"f":{"0":63,"1":43,"2":9,"3":0,"4":11,"5":9,"6":9,"7":9,"8":9,"9":0},"b":{"0":[0,63],"1":[43,0],"2":[39,4],"3":[0,43],"4":[0,43],"5":[0,43],"6":[0,9],"7":[0,9],"8":[0,0],"9":[11,11],"10":[0,9],"11":[0,9],"12":[0],"13":[0,9],"14":[0,0],"15":[9,0],"16":[0,0],"17":[0,0],"18":[0,9],"19":[0,0],"20":[0,0],"21":[0,0],"22":[0,0],"23":[0,0],"24":[0,0]},"_coverageSchema":"1a1c01bbd47fc00a2c39e90264f33305004495a9","hash":"b7e0731527ad42c6565ca535927c2afe4f0c04d7"}
,"/root/repo/scripts/importer/utils/pandoc-converter.js": {"path":"/root/repo/scripts/importer/utils/pandoc-converter.js","statementMap":{"0":{"start":{"line":1,"column":21},"end":{"line":1,"column":45}},"1":{"start":{"line":8,"column":26},"end":{"line":18,"column":1}},"2":{"start":{"line":9,"column":2},"end":{"line":17,"column":3}},"3":{"start":{"line":10,"column":19},"end":{"line":12,"column":6}},"4":{"start":{"line":13,"column":4},"end":{"line":13,"column":18}},"5":{"start":{"line":15,"column":4},"end":{"line":15,"column":66}},"6":{"start":{"line":16,"column":4},"end":{"line":16,"column":14}},"7":{"start":{"line":20,"column":0},"end":{"line":22,"column":2}}},"fnMap":{"0":{"name":"(anonymous_0)","decl":{"start":{"line":8,"column":26},"end":{"line":8,"column":27}},"loc":{"start":{"line":8,"column":40},"end":{"line":18,"column":1}},"line":8}},"branchMap":{},"s":{"0":4,"1":4,"2":38,"3":38,"4":38,"5":0,"6":0,"7":4},"f":{"0":38},"b":{},"_coverageSchema":"1a1c01bbd47fc00a2c39e90264f33305004495a9","hash":"dee12a666e80e920307ef745d4fb032f6dfea3eb"}
,"/root/repo/scripts/importer/utils/results-tracker.js": {"path":"/root/repo/scripts/importer/utils/results-tracker.js","statementMap":{"0":{"start":{"line":6,"column":4},"end":{"line":6,"column":22}},"1":{"start":{"line":15,"column":4},"end":{"line":15,"column":32}},"2":{"start":{"line":23,"column":19},"end":{"line":23,"column":37}},"3":{"start":{"line":24,"column":4},"end":{"line":24,"column":46}},"4":{"start":{"line":24,"column":39},"end":{"line":24,"column":46}},"5":{"start":{"line":26,"column":19},"end":{"line":26,"column":49}},"6":{"start":{"line":27,"column":4},"end":{"line":27,"column":85}},"7":{"start":{"line":28,"column":4},"end":{"line":30,"column":5}},"8":{"start":{"line":29,"column":6},"end":{"line":29,"column":55}},"9":{"start":{"line":38,"column":4},"end":{"line":38,"column":81}},"10":{"start":{"line":38,"column":58},"end":{"line":38,"column":76}},"11":{"start":{"line":46,"column":4},"end":{"line":46,"column":77}},"12":{"start":{"line":46,"column":58},"end":{"line":46,"column":72}},"13":{"start":{"line":53,"column":4},"end":{"line":53,"column":32}},"14":{"start":{"line":54,"column":4},"end":{"line":54,"column":39}},"15":{"start":{"line":55,"column":4},"end":{"line":55,"column":32}},"16":{"start":{"line":57,"column":4},"end":{"line":57,"column":66}},"17":{"start":{"line":57,"column":46},"end":{"line":57,"column":64}},"18":{"start":{"line":59,"column":4},"end":{"line":59,"column":32}},"19":{"start":{"line":60,"column":4},"end":{"line":60,"column":65}},"20":{"start":{"line":61,"column":4},"end":{"line":63,"column":5}},"21":{"start":{"line":62,"column":6},"end":{"line":62,"column":61}},"22":{"start":{"line":67,"column":0},"end":{"line":67,"column":32}}},"fnMap":{"0":{"name":"(anonymous_0)","decl":{"start":{"line":5,"column":2},"end":{"line":5,"column":3}},"loc":{"start":{"line":5,"column":16},"end":{"line":7,"column":3}},"line":5},"1":{"name":"(anonymous_1)","decl":{"start":{"line":14,"column":2},"end":{"line":14,"column":3}},"loc":{"start":{"line":14,"column":20},"end":{"line":16,"column":3}},"line":14},"2":{"name":"(anonymous_2)","decl":{"start":{"line":22,"column":2},"end":{"line":22,"column":3}},"loc":{"start":{"line":22,"column":16},"end":{"line":31,"column":3}},"line":22},"3":{"name":"(anonymous_3)","decl":{"start":{"line":37,"column":2},"end":{"line":37,"column":3}},"loc":{"start":{"line":37,"column":23},"end":{"line":39,"column":3}},"line":37},"4":{"name":"(anonymous_4)","decl":{"start":{"line":38,"column":46},"end":{"line":38,"column":47}},"loc":{"start":{"line":38,"column":58},"end":{"line":38,"column":76}},"line":38},"5":{"name":"(anonymous_5)","decl":{"start":{"line":45,"column":2},"end":{"line":45,"column":3}},"loc":{"start":{"line":45,"column":20},"end":{"line":47,"column":3}},"line":45},"6":{"name":"(anonymous_6)","decl":{"start":{"line":46,"column":46},"end":{"line":46,"column":47}},"loc":{"start":{"line":46,"column":58},"end":{"line":46,"column":72}},"line":46},"7":{"name":"(anonymous_7)","decl":{"start":{"line":52,"column":2},"end":{"line":52,"column":3}},"loc":{"start":{"line":52,"column":19},"end":{"line":64,"column":3}},"line":52},"8":{"name":"(anonymous_8)","decl":{"start":{"line":57,"column":38},"end":{"line":57,"column":39}},"loc":{"start":{"line":57,"column":46},"end":{"line":57,"column":64}},"line":57}},"branchMap":{"0":{"loc":{"start":{"line":24,"column":4},"end":{"line":24,"column":46}},"type":"if","locations":[{"start":{"line":24,"column":4},"end":{"line":24,"column":46}},{"start":{},"end":{}}],"line":24},"1":{"loc":{"start":{"line":24,"column":8},"end":{"line":24,"column":37}},"type":"binary-expr","locations":[{"start":{"line":24,"column":8},"end":{"line":24,"column":15}},{"start":{"line":24,"column":19},"end":{"line":24,"column":37}}],"line":24},"2":{"loc":{"start":{"line":26,"column":19},"end":{"line":26,"column":49}},"type":"cond-expr","locations":[{"start":{"line":26,"column":39},"end":{"line":26,"column":43}},{"start":{"line":26,"column":46},"end":{"line":26,"column":49}}],"line":26},"3":{"loc":{"start":{"line":28,"column":4},"end":{"line":30,"column":5}},"type":"if","locations":[{"start":{"line":28,"column":4},"end":{"line":30,"column":5}},{"start":{},"end":{}}],"line":28},"4":{"loc":{"start":{"line":61,"column":4},"end":{"line":63,"column":5}},"type":"if","locations":[{"start":{"line":61,"column":4},"end":{"line":63,"column":5}},{"start":{},"end":{}}],"line":61}},"s":{"0":0,"1":0,"2":0,"3":0,"4":0,"5":0,"6":0,"7":0,"8":0,"9":0,"10":0,"11":0,"12":0,"13":0,"14":0,"15":0,"16":0,"17":0,"18":0,"19":0,"20":0,"21":0,"22":0},"f":{"0":0,"1":0,"2":0,"3":0,"4":0,"5":0,"6":0,"7":0,"8":0},"b":{"0":[0,0],"1":[0,0],"2":[0,0],"3":[0,0],"4":[0,0]}}
}
