TN:
SF:converters/blog-converter.js
FN:11,(anonymous_0)
FN:13,(anonymous_1)
FN:23,(anonymous_2)
FN:35,(anonymous_3)
FNF:4
FNH:3
FNDA:9,(anonymous_0)
FNDA:9,(anonymous_1)
FNDA:0,(anonymous_2)
FNDA:10,(anonymous_3)
DA:1,1
DA:2,1
DA:3,1
DA:4,1
DA:5,1
DA:6,1
DA:8,1
DA:11,9
DA:13,9
DA:23,1
DA:24,0
DA:26,0
DA:27,0
DA:29,0
DA:30,0
DA:32,0
DA:35,1
DA:36,10
DA:38,1
LF:19
LH:13
BRF:0
BRH:0
end_of_record
TN:
SF:converters/blog-index-converter.js
FN:10,(anonymous_0)
FNF:1
FNH:0
FNDA:0,(anonymous_0)
DA:1,0
DA:2,0
DA:3,0
DA:10,0
DA:11,0
DA:13,0
DA:14,0
DA:16,0
DA:27,0
DA:31,0
DA:32,0
DA:34,0
DA:35,0
DA:36,0
DA:37,0
DA:39,0
DA:40,0
DA:44,0
LF:18
LH:0
BRF:0
BRH:0
end_of_record
TN:
SF:converters/category-converter.js
FN:12,(anonymous_0)
FN:14,(anonymous_1)
FN:20,(anonymous_2)
FN:28,(anonymous_3)
FN:45,(anonymous_4)
FNF:5
FNH:4
FNDA:11,(anonymous_0)
FNDA:11,(anonymous_1)
FNDA:11,(anonymous_2)
FNDA:0,(anonymous_3)
FNDA:12,(anonymous_4)
DA:1,1
DA:2,1
DA:3,1
DA:4,1
DA:5,1
DA:6,1
DA:7,1
DA:9,1
DA:12,11
DA:15,11
DA:16,0
DA:18,11
DA:21,11
DA:28,1
DA:29,0
DA:31,0
DA:32,0
DA:34,0
DA:35,0
DA:37,0
DA:38,0
DA:39,0
DA:42,0
DA:45,1
DA:46,12
DA:48,1
LF:26
LH:16
BRDA:15,0,0,0
BRDA:15,0,1,11
BRDA:37,1,0,0
BRDA:37,1,1,0
BRF:4
BRH:1
end_of_record
TN:
SF:converters/home-converter.js
FN:9,(anonymous_0)
FNF:1
FNH:0
FNDA:0,(anonymous_0)
DA:1,0
DA:2,0
DA:3,0
DA:9,0
DA:10,0
DA:12,0
DA:13,0
DA:15,0
DA:16,0
DA:18,0
DA:36,0
DA:38,0
DA:39,0
DA:40,0
DA:41,0
DA:42,0
DA:44,0
DA:53,0
DA:54,0
DA:55,0
DA:56,0
DA:58,0
DA:59,0
DA:61,0
DA:62,0
DA:63,0
DA:64,0
DA:69,0
DA:70,0
DA:71,0
DA:77,0
DA:79,0
DA:80,0
DA:86,0
DA:87,0
DA:88,0
DA:89,0
DA:90,0
DA:91,0
DA:93,0
DA:94,0
DA:100,0
DA:102,0
DA:103,0
DA:104,0
DA:105,0
DA:107,0
DA:113,0
DA:114,0
DA:122,0
LF:50
LH:0
BRDA:48,0,0,0
BRDA:48,0,1,0
BRDA:54,1,0,0
BRDA:54,1,1,0
BRDA:58,2,0,0
BRDA:58,2,1,0
BRDA:63,3,0,0
BRDA:63,3,1,0
BRDA:70,4,0,0
BRDA:70,4,1,0
BRDA:88,5,0,0
BRDA:88,5,1,0
BRDA:88,6,0,0
BRDA:88,6,1,0
BRDA:90,7,0,0
BRDA:90,7,1,0
BRF:16
BRH:0
end_of_record
TN:
SF:converters/index.js
FNF:0
FNH:0
DA:5,0
DA:6,0
DA:7,0
DA:8,0
DA:9,0
DA:10,0
DA:11,0
DA:13,0
LF:8
LH:0
BRF:0
BRH:0
end_of_record
TN:
SF:converters/page-converter.js
FN:12,(anonymous_0)
FN:13,(anonymous_1)
FN:21,(anonymous_2)
FN:31,(anonymous_3)
FN:45,(anonymous_4)
FNF:5
FNH:3
FNDA:9,(anonymous_0)
FNDA:9,(anonymous_1)
FNDA:0,(anonymous_2)
FNDA:0,(anonymous_3)
FNDA:10,(anonymous_4)
DA:1,1
DA:2,1
DA:3,1
DA:4,1
DA:5,1
DA:6,1
DA:7,1
DA:9,1
DA:12,9
DA:14,9
DA:21,1
DA:22,0
DA:24,0
DA:25,0
DA:27,0
DA:28,0
DA:31,0
DA:32,0
DA:35,0
DA:36,0
DA:38,0
DA:45,1
DA:46,10
DA:48,1
LF:24
LH:14
BRF:0
BRH:0
end_of_record
TN:
SF:converters/product-converter.js
FN:13,(anonymous_0)
FN:14,(anonymous_1)
FN:15,(anonymous_2)
FN:16,(anonymous_3)
FN:18,(anonymous_4)
FN:30,(anonymous_5)
FN:34,(anonymous_6)
FN:37,(anonymous_7)
FN:56,(anonymous_8)
FN:64,(anonymous_9)
FN:87,(anonymous_10)
FN:89,(anonymous_11)
FNF:12
FNH:8
FNDA:9,(anonymous_0)
FNDA:9,(anonymous_1)
FNDA:9,(anonymous_2)
FNDA:9,(anonymous_3)
FNDA:9,(anonymous_4)
FNDA:9,(anonymous_5)
FNDA:9,(anonymous_6)
FNDA:0,(anonymous_7)
FNDA:10,(anonymous_8)
FNDA:0,(anonymous_9)
FNDA:0,(anonymous_10)
FNDA:0,(anonymous_11)
DA:1,1
DA:2,1
DA:3,1
DA:4,1
DA:5,1
DA:6,1
DA:7,1
DA:8,1
DA:10,1
DA:13,9
DA:14,9
DA:15,9
DA:16,9
DA:19,9
DA:20,9
DA:21,9
DA:31,9
DA:32,9
DA:35,9
DA:36,9
DA:37,0
DA:38,0
DA:39,0
DA:40,0
DA:41,0
DA:42,0
DA:45,0
DA:56,1
DA:57,10
DA:64,1
DA:65,0
DA:67,0
DA:68,0
DA:69,0
DA:70,0
DA:72,0
DA:73,0
DA:75,0
DA:76,0
DA:77,0
DA:80,0
DA:81,0
DA:83,0
DA:84,0
DA:86,0
DA:87,0
DA:88,0
DA:89,0
DA:90,0
DA:91,0
DA:92,0
DA:94,0
DA:97,0
DA:100,1
LF:54
LH:24
BRDA:19,0,0,9
BRDA:19,0,1,9
BRDA:36,1,0,0
BRDA:36,1,1,9
BRDA:39,2,0,0
BRDA:39,2,1,0
BRDA:41,3,0,0
BRDA:41,3,1,0
BRDA:75,4,0,0
BRDA:75,4,1,0
BRDA:86,5,0,0
BRDA:86,5,1,0
BRF:12
BRH:3
end_of_record
TN:
SF:converters/reviews-index-converter.js
FN:10,(anonymous_0)
FN:11,(anonymous_1)
FN:25,(anonymous_2)
FNF:3
FNH:0
FNDA:0,(anonymous_0)
FNDA:0,(anonymous_1)
FNDA:0,(anonymous_2)
DA:1,0
DA:2,0
DA:3,0
DA:4,0
DA:5,0
DA:7,0
DA:10,0
DA:13,0
DA:14,0
DA:15,0
DA:17,0
DA:25,0
DA:26,0
DA:28,0
DA:29,0
DA:31,0
DA:32,0
DA:37,0
DA:39,0
DA:40,0
DA:44,0
LF:21
LH:0
BRDA:14,0,0,0
BRDA:14,0,1,0
BRDA:37,1,0,0
BRDA:37,1,1,0
BRDA:37,2,0,0
BRDA:37,2,1,0
BRF:6
BRH:0
end_of_record
TN:
SF:utils/base-converter.js
FN:17,(anonymous_0)
FN:32,(anonymous_1)
FN:83,(anonymous_2)
FNF:3
FNH:2
FNDA:4,(anonymous_0)
FNDA:42,(anonymous_1)
FNDA:0,(anonymous_2)
DA:1,4
DA:2,4
DA:3,4
DA:4,4
DA:5,4
DA:17,4
DA:32,4
DA:33,42
DA:34,42
DA:35,42
DA:36,38
DA:37,38
DA:38,38
DA:40,38
DA:41,38
DA:44,38
DA:45,38
DA:46,56
DA:50,38
DA:51,29
DA:54,38
DA:55,38
DA:56,38
DA:58,38
DA:60,38
DA:61,38
DA:64,38
DA:65,9
DA:68,38
DA:70,4
DA:71,4
DA:83,4
DA:84,0
DA:85,0
DA:87,0
DA:88,0
DA:89,0
DA:91,0
DA:95,0
DA:98,4
DA:101,4
LF:41
LH:34
BRDA:19,0,0,0
BRDA:21,1,0,1
BRDA:22,2,0,3
BRDA:32,3,0,32
BRDA:50,4,0,29
BRDA:50,4,1,9
BRDA:55,5,0,38
BRDA:55,5,1,29
BRDA:56,6,0,38
BRDA:56,6,1,29
BRDA:64,7,0,9
BRDA:64,7,1,29
BRDA:83,8,0,0
BRDA:88,9,0,0
BRDA:88,9,1,0
BRF:15
BRH:11
end_of_record
TN:
SF:utils/category-scanner.js
FN:9,(anonymous_0)
FN:19,(anonymous_1)
FNF:2
FNH:0
FNDA:0,(anonymous_0)
FNDA:0,(anonymous_1)
DA:1,1
DA:2,1
DA:3,1
DA:9,1
DA:10,0
DA:12,0
DA:13,0
DA:15,0
DA:16,0
DA:19,0
DA:20,0
DA:21,0
DA:22,0
DA:26,0
DA:29,0
DA:30,0
DA:32,0
DA:33,0
DA:36,0
DA:37,0
DA:38,0
DA:39,0
DA:44,0
DA:47,1
LF:24
LH:5
BRDA:15,0,0,0
BRDA:15,0,1,0
BRDA:32,1,0,0
BRDA:32,1,1,0
BRDA:38,2,0,0
BRDA:38,2,1,0
BRF:6
BRH:0
end_of_record
TN:
SF:utils/content-processor.js
FN:9,(anonymous_0)
FN:85,(anonymous_1)
FN:102,(anonymous_2)
FN:111,(anonymous_3)
FN:140,(anonymous_4)
FNF:5
FNH:4
FNDA:49,(anonymous_0)
FNDA:12,(anonymous_1)
FNDA:49,(anonymous_2)
FNDA:0,(anonymous_3)
FNDA:49,(anonymous_4)
DA:1,5
DA:9,5
DA:10,49
DA:11,49
DA:12,49
DA:13,49
DA:14,49
DA:16,49
DA:17,1109
DA:20,1109
DA:21,0
DA:22,0
DA:27,1109
DA:31,0
DA:35,1109
DA:36,0
DA:37,0
DA:41,1109
DA:42,0
DA:47,1109
DA:48,0
DA:52,1109
DA:53,0
DA:57,1109
DA:58,21
DA:59,1088
DA:60,131
DA:63,1109
DA:64,992
DA:67,1109
DA:70,49
DA:85,5
DA:88,12
DA:91,12
DA:93,12
DA:102,5
DA:104,49
DA:105,12
DA:108,49
DA:113,0
DA:114,0
DA:140,5
DA:141,49
DA:142,49
DA:145,49
DA:146,10
DA:149,49
DA:152,5
LF:48
LH:38
BRDA:20,0,0,0
BRDA:20,0,1,1109
BRDA:20,1,0,1109
BRDA:20,1,1,1109
BRDA:20,1,2,1109
BRDA:27,2,0,0
BRDA:27,2,1,1109
BRDA:27,3,0,1109
BRDA:27,3,1,1109
BRDA:27,3,2,1109
BRDA:27,3,3,1109
BRDA:27,3,4,1109
BRDA:27,3,5,1109
BRDA:27,3,6,1109
BRDA:35,4,0,0
BRDA:35,4,1,1109
BRDA:41,5,0,0
BRDA:41,5,1,1109
BRDA:41,6,0,1109
BRDA:41,6,1,0
BRDA:41,6,2,0
BRDA:47,7,0,0
BRDA:47,7,1,1109
BRDA:52,8,0,0
BRDA:52,8,1,1109
BRDA:52,9,0,1109
BRDA:52,9,1,1109
BRDA:57,10,0,21
BRDA:57,10,1,1088
BRDA:57,11,0,1109
BRDA:57,11,1,131
BRDA:57,11,2,110
BRDA:59,12,0,131
BRDA:59,12,1,957
BRDA:59,13,0,1088
BRDA:59,13,1,791
BRDA:59,13,2,533
BRDA:59,13,3,978
BRDA:63,14,0,992
BRDA:63,14,1,117
BRDA:63,15,0,1109
BRDA:63,15,1,992
BRDA:104,16,0,12
BRDA:104,16,1,37
BRDA:114,17,0,0
BRDA:114,17,1,0
BRDA:145,18,0,10
BRDA:145,18,1,39
BRF:48
BRH:38
end_of_record
TN:
SF:utils/favicon-extractor.js
FN:10,(anonymous_0)
FN:53,(anonymous_1)
FN:76,(anonymous_2)
FN:91,(anonymous_3)
FNF:4
FNH:0
FNDA:0,(anonymous_0)
FNDA:0,(anonymous_1)
FNDA:0,(anonymous_2)
FNDA:0,(anonymous_3)
DA:1,0
DA:2,0
DA:3,0
DA:10,0
DA:11,0
DA:14,0
DA:15,0
DA:17,0
DA:18,0
DA:21,0
DA:22,0
DA:24,0
DA:25,0
DA:27,0
DA:30,0
DA:31,0
DA:32,0
DA:34,0
DA:35,0
DA:44,0
DA:53,0
DA:54,0
DA:56,0
DA:57,0
DA:58,0
DA:62,0
DA:63,0
DA:65,0
DA:66,0
DA:76,0
DA:77,0
DA:84,0
DA:87,0
DA:90,0
DA:91,0
DA:93,0
DA:94,0
DA:95,0
DA:99,0
DA:100,0
DA:101,0
DA:103,0
DA:104,0
DA:105,0
DA:109,0
DA:110,0
DA:113,0
DA:116,0
DA:117,0
DA:119,0
DA:120,0
DA:121,0
DA:122,0
DA:125,0
DA:126,0
DA:127,0
DA:135,0
DA:137,0
DA:141,0
DA:144,0
LF:60
LH:0
BRDA:22,0,0,0
BRDA:22,0,1,0
BRDA:25,1,0,0
BRDA:25,1,1,0
BRDA:27,2,0,0
BRDA:27,2,1,0
BRDA:34,3,0,0
BRDA:34,3,1,0
BRDA:38,4,0,0
BRDA:38,4,1,0
BRDA:39,5,0,0
BRDA:39,5,1,0
BRDA:57,6,0,0
BRDA:57,6,1,0
BRDA:93,7,0,0
BRDA:93,7,1,0
BRDA:103,8,0,0
BRDA:103,8,1,0
BRDA:119,9,0,0
BRDA:119,9,1,0
BRDA:125,10,0,0
BRDA:125,10,1,0
BRF:22
BRH:0
end_of_record
TN:
SF:utils/filesystem.js
FN:9,(anonymous_0)
FN:20,(anonymous_1)
FN:29,(anonymous_2)
FN:38,(anonymous_3)
FN:42,(anonymous_4)
FN:49,(anonymous_5)
FN:52,(anonymous_6)
FN:65,(anonymous_7)
FN:76,(anonymous_8)
FN:77,(anonymous_9)
FN:78,(anonymous_10)
FN:82,(anonymous_11)
FN:99,(anonymous_12)
FN:107,(anonymous_13)
FNF:14
FNH:6
FNDA:0,(anonymous_0)
FNDA:42,(anonymous_1)
FNDA:38,(anonymous_2)
FNDA:5,(anonymous_3)
FNDA:13,(anonymous_4)
FNDA:0,(anonymous_5)
FNDA:0,(anonymous_6)
FNDA:0,(anonymous_7)
FNDA:0,(anonymous_8)
FNDA:0,(anonymous_9)
FNDA:0,(anonymous_10)
FNDA:0,(anonymous_11)
FNDA:46,(anonymous_12)
FNDA:44,(anonymous_13)
DA:1,5
DA:2,5
DA:3,5
DA:9,5
DA:10,0
DA:11,0
DA:20,5
DA:21,42
DA:29,5
DA:30,38
DA:38,5
DA:39,5
DA:40,3
DA:42,13
DA:49,5
DA:50,0
DA:51,0
DA:52,0
DA:53,0
DA:54,0
DA:55,0
DA:65,5
DA:66,0
DA:67,0
DA:76,5
DA:77,0
DA:78,0
DA:79,0
DA:80,0
DA:81,0
DA:82,0
DA:83,0
DA:84,0
DA:86,0
DA:88,0
DA:99,5
DA:100,46
DA:107,5
DA:108,44
DA:110,5
LF:40
LH:20
BRDA:10,0,0,0
BRDA:10,0,1,0
BRDA:39,1,0,3
BRDA:39,1,1,2
BRDA:50,2,0,0
BRDA:50,2,1,0
BRDA:54,3,0,0
BRDA:54,3,1,0
BRDA:79,4,0,0
BRDA:79,4,1,0
BRF:10
BRH:2
end_of_record
TN:
SF:utils/frontmatter-generator.js
FN:24,(anonymous_0)
FN:58,(anonymous_1)
FN:79,(anonymous_2)
FN:83,(anonymous_3)
FN:112,(anonymous_4)
FN:129,(anonymous_5)
FNF:6
FNH:5
FNDA:23,(anonymous_0)
FNDA:14,(anonymous_1)
FNDA:15,(anonymous_2)
FNDA:2,(anonymous_3)
FNDA:15,(anonymous_4)
FNDA:0,(anonymous_5)
DA:4,5
DA:24,5
DA:25,23
DA:26,23
DA:29,23
DA:30,23
DA:32,23
DA:40,23
DA:41,3
DA:47,23
DA:48,23
DA:58,5
DA:59,14
DA:79,5
DA:81,15
DA:82,15
DA:83,2
DA:87,15
DA:98,15
DA:99,0
DA:102,15
DA:103,15
DA:112,5
DA:113,15
DA:129,5
DA:130,0
DA:136,5
LF:27
LH:25
BRDA:25,0,0,23
BRDA:25,0,1,20
BRDA:26,1,0,23
BRDA:26,1,1,23
BRDA:30,2,0,0
BRDA:30,2,1,23
BRDA:33,3,0,23
BRDA:33,3,1,23
BRDA:33,3,2,2
BRDA:34,4,0,23
BRDA:34,4,1,2
BRDA:35,5,0,23
BRDA:35,5,1,16
BRDA:40,6,0,3
BRDA:40,6,1,20
BRDA:60,7,0,14
BRDA:60,7,1,0
BRDA:62,8,0,14
BRDA:62,8,1,14
BRDA:62,8,2,0
BRDA:63,9,0,14
BRDA:63,9,1,0
BRDA:64,10,0,14
BRDA:64,10,1,5
BRDA:79,11,0,1
BRDA:81,12,0,14
BRDA:81,12,1,1
BRDA:81,13,0,0
BRDA:81,13,1,1
BRDA:82,14,0,1
BRDA:82,14,1,14
BRDA:88,15,0,15
BRDA:88,15,1,10
BRDA:88,15,2,0
BRDA:90,16,0,15
BRDA:90,16,1,10
BRDA:90,16,2,10
BRDA:90,16,3,0
BRDA:91,17,0,15
BRDA:91,17,1,0
BRDA:92,18,0,15
BRDA:92,18,1,6
BRDA:98,19,0,0
BRDA:98,19,1,15
BRDA:98,20,0,15
BRDA:98,20,1,14
BRDA:114,21,0,15
BRDA:114,21,1,0
BRDA:115,22,0,15
BRDA:115,22,1,15
BRDA:115,22,2,0
BRDA:116,23,0,15
BRDA:116,23,1,0
BRDA:117,24,0,15
BRDA:117,24,1,4
BRF:55
BRH:43
end_of_record
TN:
SF:utils/html-patterns.js
FN:8,(anonymous_0)
FN:9,(anonymous_1)
FN:10,(anonymous_2)
FN:20,(anonymous_3)
FNF:4
FNH:4
FNDA:43,(anonymous_0)
FNDA:43,(anonymous_1)
FNDA:43,(anonymous_2)
FNDA:172,(anonymous_3)
DA:6,5
DA:8,43
DA:9,43
DA:10,43
DA:20,5
DA:21,172
DA:22,172
DA:25,5
LF:8
LH:8
BRDA:20,0,0,172
BRDA:22,1,0,85
BRDA:22,1,1,87
BRF:3
BRH:3
end_of_record
TN:
SF:utils/image-downloader.js
FN:9,(anonymous_0)
FN:18,(anonymous_1)
FN:34,(anonymous_2)
FN:59,(anonymous_3)
FN:69,(anonymous_4)
FNF:5
FNH:3
FNDA:0,(anonymous_0)
FNDA:0,(anonymous_1)
FNDA:9,(anonymous_2)
FNDA:9,(anonymous_3)
FNDA:29,(anonymous_4)
DA:1,3
DA:2,3
DA:9,3
DA:18,3
DA:19,0
DA:20,0
DA:21,0
DA:22,0
DA:23,0
DA:34,3
DA:35,9
DA:37,0
DA:38,0
DA:39,0
DA:41,0
DA:42,0
DA:44,0
DA:45,0
DA:46,0
DA:48,0
DA:49,0
DA:59,3
DA:60,9
DA:69,3
DA:70,29
DA:71,29
DA:73,29
DA:75,29
DA:76,0
DA:77,0
DA:78,0
DA:80,0
DA:81,0
DA:88,29
DA:91,3
LF:35
LH:15
BRDA:22,0,0,0
BRDA:22,0,1,0
BRDA:34,1,0,0
BRDA:35,2,0,9
BRDA:35,2,1,0
BRDA:41,3,0,0
BRDA:41,3,1,0
BRDA:80,4,0,0
BRDA:80,4,1,0
BRF:9
BRH:1
end_of_record
TN:
SF:utils/markdown-table-parser.js
FN:11,(anonymous_0)
FN:21,(anonymous_1)
FN:22,(anonymous_2)
FN:22,(anonymous_3)
FN:39,(anonymous_4)
FN:40,(anonymous_5)
FN:42,(anonymous_6)
FN:52,(anonymous_7)
FN:137,(anonymous_8)
FN:172,(anonymous_9)
FN:196,(anonymous_10)
FN:218,(anonymous_11)
FN:218,(anonymous_12)
FNF:13
FNH:1
FNDA:0,(anonymous_0)
FNDA:0,(anonymous_1)
FNDA:0,(anonymous_2)
FNDA:0,(anonymous_3)
FNDA:0,(anonymous_4)
FNDA:0,(anonymous_5)
FNDA:0,(anonymous_6)
FNDA:10,(anonymous_7)
FNDA:0,(anonymous_8)
FNDA:0,(anonymous_9)
FNDA:0,(anonymous_10)
FNDA:0,(anonymous_11)
FNDA:0,(anonymous_12)
DA:11,5
DA:12,0
DA:13,0
DA:21,5
DA:22,0
DA:23,0
DA:25,0
DA:26,0
DA:27,0
DA:31,0
DA:39,5
DA:40,0
DA:42,0
DA:43,0
DA:52,5
DA:53,10
DA:54,10
DA:55,10
DA:57,10
DA:58,187
DA:61,187
DA:62,0
DA:63,0
DA:66,0
DA:67,0
DA:68,0
DA:73,0
DA:74,0
DA:77,0
DA:78,0
DA:79,0
DA:80,0
DA:82,0
DA:86,0
DA:87,0
DA:88,0
DA:90,0
DA:91,0
DA:95,187
DA:96,0
DA:97,0
DA:100,0
DA:101,0
DA:102,0
DA:106,0
DA:107,0
DA:109,0
DA:110,0
DA:111,0
DA:112,0
DA:114,0
DA:117,0
DA:118,0
DA:119,0
DA:121,0
DA:122,0
DA:125,187
DA:126,187
DA:129,10
DA:137,5
DA:138,0
DA:139,0
DA:141,0
DA:142,0
DA:144,0
DA:145,0
DA:148,0
DA:150,0
DA:152,0
DA:153,0
DA:154,0
DA:155,0
DA:158,0
DA:159,0
DA:163,0
DA:164,0
DA:172,5
DA:173,0
DA:174,0
DA:176,0
DA:177,0
DA:179,0
DA:180,0
DA:182,0
DA:183,0
DA:186,0
DA:187,0
DA:196,5
DA:197,0
DA:199,0
DA:200,0
DA:202,0
DA:204,0
DA:205,0
DA:209,0
DA:211,0
DA:213,0
DA:214,0
DA:218,0
DA:219,0
DA:220,0
DA:222,0
DA:223,0
DA:224,0
DA:229,0
DA:230,0
DA:233,0
DA:236,5
LF:108
LH:18
BRDA:13,0,0,0
BRDA:13,0,1,0
BRDA:26,1,0,0
BRDA:26,1,1,0
BRDA:61,2,0,0
BRDA:61,2,1,187
BRDA:66,3,0,0
BRDA:66,3,1,0
BRDA:78,4,0,0
BRDA:78,4,1,0
BRDA:95,5,0,0
BRDA:95,5,1,187
BRDA:100,6,0,0
BRDA:100,6,1,0
BRDA:110,7,0,0
BRDA:110,7,1,0
BRDA:110,8,0,0
BRDA:110,8,1,0
BRDA:142,9,0,0
BRDA:142,9,1,0
BRDA:150,10,0,0
BRDA:150,10,1,0
BRDA:177,11,0,0
BRDA:177,11,1,0
BRDA:197,12,0,0
BRDA:197,12,1,0
BRDA:204,13,0,0
BRDA:204,13,1,0
BRDA:205,14,0,0
BRDA:205,14,1,0
BRDA:209,15,0,0
BRDA:209,15,1,0
BRDA:211,16,0,0
BRDA:211,16,1,0
BRDA:213,17,0,0
BRDA:213,17,1,0
BRDA:220,18,0,0
BRDA:220,18,1,0
BRDA:223,19,0,0
BRDA:223,19,1,0
BRDA:223,20,0,0
BRDA:223,20,1,0
BRDA:229,21,0,0
BRDA:229,21,1,0
BRF:44
BRH:2
end_of_record
TN:
SF:utils/metadata-extractor.js
FN:8,(anonymous_0)
FN:18,(anonymous_1)
FN:57,(anonymous_2)
FN:78,(anonymous_3)
FN:88,(anonymous_4)
FN:97,(anonymous_5)
FN:119,(anonymous_6)
FN:140,(anonymous_7)
FN:169,(anonymous_8)
FN:191,(anonymous_9)
FNF:10
FNH:8
FNDA:63,(anonymous_0)
FNDA:43,(anonymous_1)
FNDA:9,(anonymous_2)
FNDA:0,(anonymous_3)
FNDA:11,(anonymous_4)
FNDA:9,(anonymous_5)
FNDA:9,(anonymous_6)
FNDA:9,(anonymous_7)
FNDA:9,(anonymous_8)
FNDA:0,(anonymous_9)
DA:1,5
DA:8,5
DA:9,63
DA:10,63
DA:18,5
DA:19,43
DA:21,43
DA:22,43
DA:23,43
DA:26,43
DA:27,43
DA:28,39
DA:31,43
DA:32,43
DA:33,0
DA:34,0
DA:38,43
DA:39,43
DA:40,0
DA:43,43
DA:44,43
DA:45,0
DA:49,43
DA:57,5
DA:59,9
DA:60,9
DA:61,0
DA:65,9
DA:66,9
DA:67,0
DA:70,9
DA:78,5
DA:79,0
DA:80,0
DA:88,5
DA:89,11
DA:97,5
DA:99,9
DA:100,9
DA:101,0
DA:105,9
DA:106,9
DA:107,0
DA:110,9
DA:119,5
DA:120,9
DA:121,9
DA:122,0
DA:123,0
DA:124,0
DA:125,0
DA:126,0
DA:129,0
DA:132,9
DA:140,5
DA:141,9
DA:142,9
DA:144,9
DA:145,9
DA:148,0
DA:149,0
DA:152,0
DA:153,0
DA:154,0
DA:156,0
DA:157,0
DA:161,0
DA:169,5
DA:170,9
DA:176,9
DA:177,9
DA:178,0
DA:180,0
DA:183,9
DA:191,5
DA:192,0
DA:195,0
DA:196,0
DA:198,0
DA:199,0
DA:202,0
DA:203,0
DA:205,0
DA:206,0
DA:208,0
DA:211,0
DA:212,0
DA:213,0
DA:215,0
DA:216,0
DA:225,0
DA:228,5
LF:92
LH:50
BRDA:10,0,0,0
BRDA:10,0,1,63
BRDA:22,1,0,43
BRDA:22,1,1,0
BRDA:27,2,0,39
BRDA:27,2,1,4
BRDA:32,3,0,0
BRDA:32,3,1,43
BRDA:39,4,0,0
BRDA:39,4,1,43
BRDA:44,5,0,0
BRDA:44,5,1,43
BRDA:60,6,0,0
BRDA:60,6,1,9
BRDA:66,7,0,0
BRDA:66,7,1,9
BRDA:80,8,0,0
BRDA:80,8,1,0
BRDA:89,9,0,11
BRDA:89,9,1,11
BRDA:100,10,0,0
BRDA:100,10,1,9
BRDA:106,11,0,0
BRDA:106,11,1,9
BRDA:119,12,0,0
BRDA:121,13,0,0
BRDA:121,13,1,9
BRDA:125,14,0,0
BRDA:125,14,1,0
BRDA:144,15,0,9
BRDA:144,15,1,0
BRDA:156,16,0,0
BRDA:156,16,1,0
BRDA:156,17,0,0
BRDA:156,17,1,0
BRDA:177,18,0,0
BRDA:177,18,1,9
BRDA:203,19,0,0
BRDA:203,19,1,0
BRDA:206,20,0,0
BRDA:206,20,1,0
BRDA:208,21,0,0
BRDA:208,21,1,0
BRDA:215,22,0,0
BRDA:215,22,1,0
BRDA:219,23,0,0
BRDA:219,23,1,0
BRDA:220,24,0,0
BRDA:220,24,1,0
BRF:49
BRH:16
end_of_record
TN:
SF:utils/pandoc-converter.js
FN:8,(anonymous_0)
FNF:1
FNH:1
FNDA:38,(anonymous_0)
DA:1,4
DA:8,4
DA:9,38
DA:10,38
DA:13,38
DA:15,0
DA:16,0
DA:20,4
LF:8
LH:6
BRF:0
BRH:0
end_of_record
TN:
SF:utils/results-tracker.js
FN:5,(anonymous_0)
FN:14,(anonymous_1)
FN:22,(anonymous_2)
FN:37,(anonymous_3)
FN:38,(anonymous_4)
FN:45,(anonymous_5)
FN:46,(anonymous_6)
FN:52,(anonymous_7)
FN:57,(anonymous_8)
FNF:9
FNH:0
FNDA:0,(anonymous_0)
FNDA:0,(anonymous_1)
FNDA:0,(anonymous_2)
FNDA:0,(anonymous_3)
FNDA:0,(anonymous_4)
FNDA:0,(anonymous_5)
FNDA:0,(anonymous_6)
FNDA:0,(anonymous_7)
FNDA:0,(anonymous_8)
DA:6,0
DA:15,0
DA:23,0
DA:24,0
DA:26,0
DA:27,0
DA:28,0
DA:29,0
DA:38,0
DA:46,0
DA:53,0
DA:54,0
DA:55,0
DA:57,0
DA:59,0
DA:60,0
DA:61,0
DA:62,0
DA:67,0
LF:19
LH:0
BRDA:24,0,0,0
BRDA:24,0,1,0
BRDA:24,1,0,0
BRDA:24,1,1,0
BRDA:26,2,0,0
BRDA:26,2,1,0
BRDA:28,3,0,0
BRDA:28,3,1,0
BRDA:61,4,0,0
BRDA:61,4,1,0
BRF:10
BRH:0
end_of_record
