TN:
SF:converters/blog-converter.js
FN:11,(anonymous_0)
FN:13,(anonymous_1)
FN:23,(anonymous_2)
FN:35,(anonymous_3)
FNF:4
FNH:3
FNDA:3,(anonymous_0)
FNDA:3,(anonymous_1)
FNDA:0,(anonymous_2)
FNDA:3,(anonymous_3)
DA:1,1
DA:2,1
DA:3,1
DA:4,1
DA:5,1
DA:6,1
DA:8,1
DA:11,3
DA:13,3
DA:23,1
DA:24,0
DA:26,0
DA:27,0
DA:29,0
DA:30,0
DA:32,0
DA:35,1
DA:36,3
DA:38,1
LF:19
LH:13
BRF:0
BRH:0
end_of_record
TN:
SF:converters/blog-index-converter.js
FN:10,(anonymous_0)
FNF:1
FNH:0
FNDA:0,(anonymous_0)
DA:1,0
DA:2,0
DA:3,0
DA:10,0
DA:11,0
DA:13,0
DA:14,0
DA:16,0
DA:27,0
DA:31,0
DA:32,0
DA:34,0
DA:35,0
DA:36,0
DA:37,0
DA:39,0
DA:40,0
DA:44,0
LF:18
LH:0
BRF:0
BRH:0
end_of_record
TN:
SF:converters/category-converter.js
FN:12,(anonymous_0)
FN:14,(anonymous_1)
FN:20,(anonymous_2)
FN:28,(anonymous_3)
FN:45,(anonymous_4)
FNF:5
FNH:4
FNDA:3,(anonymous_0)
FNDA:3,(anonymous_1)
FNDA:3,(anonymous_2)
FNDA:0,(anonymous_3)
FNDA:3,(anonymous_4)
DA:1,1
DA:2,1
DA:3,1
DA:4,1
DA:5,1
DA:6,1
DA:7,1
DA:9,1
DA:12,3
DA:15,3
DA:16,0
DA:18,3
DA:21,3
DA:28,1
DA:29,0
DA:31,0
DA:32,0
DA:34,0
DA:35,0
DA:37,0
DA:38,0
DA:39,0
DA:42,0
DA:45,1
DA:46,3
DA:48,1
LF:26
LH:16
BRDA:15,0,0,0
BRDA:15,0,1,3
BRDA:37,1,0,0
BRDA:37,1,1,0
BRF:4
BRH:1
end_of_record
TN:
SF:converters/home-converter.js
FN:9,(anonymous_0)
FNF:1
FNH:0
FNDA:0,(anonymous_0)
DA:1,0
DA:2,0
DA:3,0
DA:9,0
DA:10,0
DA:12,0
DA:13,0
DA:15,0
DA:16,0
DA:18,0
DA:36,0
DA:38,0
DA:39,0
DA:40,0
DA:41,0
DA:42,0
DA:44,0
DA:53,0
DA:54,0
DA:55,0
DA:56,0
DA:58,0
DA:59,0
DA:61,0
DA:62,0
DA:63,0
DA:64,0
DA:69,0
DA:70,0
DA:71,0
DA:77,0
DA:79,0
DA:80,0
DA:86,0
DA:87,0
DA:88,0
DA:89,0
DA:90,0
DA:91,0
DA:93,0
DA:94,0
DA:100,0
DA:102,0
DA:103,0
DA:104,0
DA:105,0
DA:107,0
DA:113,0
DA:114,0
DA:122,0
LF:50
LH:0
BRDA:48,0,0,0
BRDA:48,0,1,0
BRDA:54,1,0,0
BRDA:54,1,1,0
BRDA:58,2,0,0
BRDA:58,2,1,0
BRDA:63,3,0,0
BRDA:63,3,1,0
BRDA:70,4,0,0
BRDA:70,4,1,0
BRDA:88,5,0,0
BRDA:88,5,1,0
BRDA:88,6,0,0
BRDA:88,6,1,0
BRDA:90,7,0,0
BRDA:90,7,1,0
BRF:16
BRH:0
end_of_record
TN:
SF:converters/index.js
FNF:0
FNH:0
DA:5,0
DA:6,0
DA:7,0
DA:8,0
DA:9,0
DA:10,0
DA:11,0
DA:13,0
LF:8
LH:0
BRF:0
BRH:0
end_of_record
TN:
SF:converters/page-converter.js
FN:12,(anonymous_0)
FN:13,(anonymous_1)
FN:21,(anonymous_2)
FN:31,(anonymous_3)
FN:45,(anonymous_4)
FNF:5
FNH:3
FNDA:4,(anonymous_0)
FNDA:4,(anonymous_1)
FNDA:0,(anonymous_2)
FNDA:0,(anonymous_3)
FNDA:4,(anonymous_4)
DA:1,1
DA:2,1
DA:3,1
DA:4,1
DA:5,1
DA:6,1
DA:7,1
DA:9,1
DA:12,4
DA:14,4
DA:21,1
DA:22,0
DA:24,0
DA:25,0
DA:27,0
DA:28,0
DA:31,0
DA:32,0
DA:35,0
DA:36,0
DA:38,0
DA:45,1
DA:46,4
DA:48,1
LF:24
LH:14
BRF:0
BRH:0
end_of_record
TN:
SF:converters/product-converter.js
FN:13,(anonymous_0)
FN:14,(anonymous_1)
FN:15,(anonymous_2)
FN:16,(anonymous_3)
FN:18,(anonymous_4)
FN:30,(anonymous_5)
FN:34,(anonymous_6)
FN:37,(anonymous_7)
FN:56,(anonymous_8)
FN:64,(anonymous_9)
FN:87,(anonymous_10)
FN:89,(anonymous_11)
FNF:12
FNH:8
FNDA:3,(anonymous_0)
FNDA:3,(anonymous_1)
FNDA:3,(anonymous_2)
FNDA:3,(anonymous_3)
FNDA:3,(anonymous_4)
FNDA:3,(anonymous_5)
FNDA:3,(anonymous_6)
FNDA:0,(anonymous_7)
FNDA:3,(anonymous_8)
FNDA:0,(anonymous_9)
FNDA:0,(anonymous_10)
FNDA:0,(anonymous_11)
DA:1,1
DA:2,1
DA:3,1
DA:4,1
DA:5,1
DA:6,1
DA:7,1
DA:8,1
DA:10,1
DA:13,3
DA:14,3
DA:15,3
DA:16,3
DA:19,3
DA:20,3
DA:21,3
DA:31,3
DA:32,3
DA:35,3
DA:36,3
DA:37,0
DA:38,0
DA:39,0
DA:40,0
DA:41,0
DA:42,0
DA:45,0
DA:56,1
DA:57,3
DA:64,1
DA:65,0
DA:67,0
DA:68,0
DA:69,0
DA:70,0
DA:72,0
DA:73,0
DA:75,0
DA:76,0
DA:77,0
DA:80,0
DA:81,0
DA:83,0
DA:84,0
DA:86,0
DA:87,0
DA:88,0
DA:89,0
DA:90,0
DA:91,0
DA:92,0
DA:94,0
DA:97,0
DA:100,1
LF:54
LH:24
BRDA:19,0,0,3
BRDA:19,0,1,3
BRDA:36,1,0,0
BRDA:36,1,1,3
BRDA:39,2,0,0
BRDA:39,2,1,0
BRDA:41,3,0,0
BRDA:41,3,1,0
BRDA:75,4,0,0
BRDA:75,4,1,0
BRDA:86,5,0,0
BRDA:86,5,1,0
BRF:12
BRH:3
end_of_record
TN:
SF:converters/reviews-index-converter.js
FN:10,(anonymous_0)
FN:11,(anonymous_1)
FN:25,(anonymous_2)
FNF:3
FNH:0
FNDA:0,(anonymous_0)
FNDA:0,(anonymous_1)
FNDA:0,(anonymous_2)
DA:1,0
DA:2,0
DA:3,0
DA:4,0
DA:5,0
DA:7,0
DA:10,0
DA:13,0
DA:14,0
DA:15,0
DA:17,0
DA:25,0
DA:26,0
DA:28,0
DA:29,0
DA:31,0
DA:32,0
DA:37,0
DA:39,0
DA:40,0
DA:44,0
LF:21
LH:0
BRDA:14,0,0,0
BRDA:14,0,1,0
BRDA:37,1,0,0
BRDA:37,1,1,0
BRDA:37,2,0,0
BRDA:37,2,1,0
BRF:6
BRH:0
end_of_record
TN:
SF:utils/base-converter.js
FN:17,(anonymous_0)
FN:32,(anonymous_1)
FN:83,(anonymous_2)
FNF:3
FNH:2
FNDA:4,(anonymous_0)
FNDA:13,(anonymous_1)
FNDA:0,(anonymous_2)
DA:1,1
DA:2,1
DA:3,1
DA:4,1
DA:5,1
DA:17,1
DA:32,4
DA:33,13
DA:34,13
DA:35,13
DA:36,13
DA:37,13
DA:38,13
DA:40,13
DA:41,13
DA:44,13
DA:45,13
DA:46,18
DA:50,13
DA:51,10
DA:54,13
DA:55,13
DA:56,13
DA:58,13
DA:60,13
DA:61,13
DA:64,13
DA:65,3
DA:68,13
DA:70,0
DA:71,0
DA:83,4
DA:84,0
DA:85,0
DA:87,0
DA:88,0
DA:89,0
DA:91,0
DA:95,0
DA:98,4
DA:101,1
LF:41
LH:32
BRDA:19,0,0,0
BRDA:21,1,0,1
BRDA:22,2,0,3
BRDA:32,3,0,10
BRDA:50,4,0,10
BRDA:50,4,1,3
BRDA:55,5,0,13
BRDA:55,5,1,10
BRDA:56,6,0,13
BRDA:56,6,1,10
BRDA:64,7,0,3
BRDA:64,7,1,10
BRDA:83,8,0,0
BRDA:88,9,0,0
BRDA:88,9,1,0
BRF:15
BRH:11
end_of_record
TN:
SF:utils/category-scanner.js
FN:9,(anonymous_0)
FN:19,(anonymous_1)
FNF:2
FNH:0
FNDA:0,(anonymous_0)
FNDA:0,(anonymous_1)
DA:1,1
DA:2,1
DA:3,1
DA:9,1
DA:10,0
DA:12,0
DA:13,0
DA:15,0
DA:16,0
DA:19,0
DA:20,0
DA:21,0
DA:22,0
DA:26,0
DA:29,0
DA:30,0
DA:32,0
DA:33,0
DA:36,0
DA:37,0
DA:38,0
DA:39,0
DA:44,0
DA:47,1
LF:24
LH:5
BRDA:15,0,0,0
BRDA:15,0,1,0
BRDA:32,1,0,0
BRDA:32,1,1,0
BRDA:38,2,0,0
BRDA:38,2,1,0
BRF:6
BRH:0
end_of_record
TN:
SF:utils/content-processor.js
FN:9,(anonymous_0)
FN:85,(anonymous_1)
FN:102,(anonymous_2)
FN:111,(anonymous_3)
FN:140,(anonymous_4)
FNF:5
FNH:4
FNDA:18,(anonymous_0)
FNDA:4,(anonymous_1)
FNDA:18,(anonymous_2)
FNDA:0,(anonymous_3)
FNDA:18,(anonymous_4)
DA:1,1
DA:9,1
DA:10,18
DA:11,18
DA:12,18
DA:13,18
DA:14,18
DA:16,18
DA:17,350
DA:20,350
DA:21,0
DA:22,0
DA:27,350
DA:31,0
DA:35,350
DA:36,0
DA:37,0
DA:41,350
DA:42,0
DA:47,350
DA:48,0
DA:52,350
DA:53,0
DA:57,350
DA:58,13
DA:59,337
DA:60,45
DA:63,350
DA:64,314
DA:67,350
DA:70,18
DA:85,1
DA:88,4
DA:91,4
DA:93,4
DA:102,1
DA:104,18
DA:105,4
DA:108,18
DA:113,0
DA:114,0
DA:140,1
DA:141,18
DA:142,18
DA:145,18
DA:146,4
DA:149,18
DA:152,1
LF:48
LH:38
BRDA:20,0,0,0
BRDA:20,0,1,350
BRDA:20,1,0,350
BRDA:20,1,1,350
BRDA:20,1,2,350
BRDA:27,2,0,0
BRDA:27,2,1,350
BRDA:27,3,0,350
BRDA:27,3,1,350
BRDA:27,3,2,350
BRDA:27,3,3,350
BRDA:27,3,4,350
BRDA:27,3,5,350
BRDA:27,3,6,350
BRDA:35,4,0,0
BRDA:35,4,1,350
BRDA:41,5,0,0
BRDA:41,5,1,350
BRDA:41,6,0,350
BRDA:41,6,1,0
BRDA:41,6,2,0
BRDA:47,7,0,0
BRDA:47,7,1,350
BRDA:52,8,0,0
BRDA:52,8,1,350
BRDA:52,9,0,350
BRDA:52,9,1,350
BRDA:57,10,0,13
BRDA:57,10,1,337
BRDA:57,11,0,350
BRDA:57,11,1,73
BRDA:57,11,2,60
BRDA:59,12,0,45
BRDA:59,12,1,292
BRDA:59,13,0,337
BRDA:59,13,1,245
BRDA:59,13,2,160
BRDA:59,13,3,277
BRDA:63,14,0,314
BRDA:63,14,1,36
BRDA:63,15,0,350
BRDA:63,15,1,314
BRDA:104,16,0,4
BRDA:104,16,1,14
BRDA:114,17,0,0
BRDA:114,17,1,0
BRDA:145,18,0,4
BRDA:145,18,1,14
BRF:48
BRH:38
end_of_record
TN:
SF:utils/favicon-extractor.js
FN:10,(anonymous_0)
FN:53,(anonymous_1)
FN:76,(anonymous_2)
FN:91,(anonymous_3)
FNF:4
FNH:0
FNDA:0,(anonymous_0)
FNDA:0,(anonymous_1)
FNDA:0,(anonymous_2)
FNDA:0,(anonymous_3)
DA:1,0
DA:2,0
DA:3,0
DA:10,0
DA:11,0
DA:14,0
DA:15,0
DA:17,0
DA:18,0
DA:21,0
DA:22,0
DA:24,0
DA:25,0
DA:27,0
DA:30,0
DA:31,0
DA:32,0
DA:34,0
DA:35,0
DA:44,0
DA:53,0
DA:54,0
DA:56,0
DA:57,0
DA:58,0
DA:62,0
DA:63,0
DA:65,0
DA:66,0
DA:76,0
DA:77,0
DA:84,0
DA:87,0
DA:90,0
DA:91,0
DA:93,0
DA:94,0
DA:95,0
DA:99,0
DA:100,0
DA:101,0
DA:103,0
DA:104,0
DA:105,0
DA:109,0
DA:110,0
DA:113,0
DA:116,0
DA:117,0
DA:119,0
DA:120,0
DA:121,0
DA:122,0
DA:125,0
DA:126,0
DA:127,0
DA:135,0
DA:137,0
DA:141,0
DA:144,0
LF:60
LH:0
BRDA:22,0,0,0
BRDA:22,0,1,0
BRDA:25,1,0,0
BRDA:25,1,1,0
BRDA:27,2,0,0
BRDA:27,2,1,0
BRDA:34,3,0,0
BRDA:34,3,1,0
BRDA:38,4,0,0
BRDA:38,4,1,0
BRDA:39,5,0,0
BRDA:39,5,1,0
BRDA:57,6,0,0
BRDA:57,6,1,0
BRDA:93,7,0,0
BRDA:93,7,1,0
BRDA:103,8,0,0
BRDA:103,8,1,0
BRDA:119,9,0,0
BRDA:119,9,1,0
BRDA:125,10,0,0
BRDA:125,10,1,0
BRF:22
BRH:0
end_of_record
TN:
SF:utils/filesystem.js
FN:9,(anonymous_0)
FN:20,(anonymous_1)
FN:29,(anonymous_2)
FN:38,(anonymous_3)
FN:42,(anonymous_4)
FN:49,(anonymous_5)
FN:52,(anonymous_6)
FN:65,(anonymous_7)
FN:76,(anonymous_8)
FN:77,(anonymous_9)
FN:78,(anonymous_10)
FN:82,(anonymous_11)
FN:99,(anonymous_12)
FN:107,(anonymous_13)
FNF:14
FNH:6
FNDA:0,(anonymous_0)
FNDA:13,(anonymous_1)
FNDA:13,(anonymous_2)
FNDA:1,(anonymous_3)
FNDA:2,(anonymous_4)
FNDA:0,(anonymous_5)
FNDA:0,(anonymous_6)
FNDA:0,(anonymous_7)
FNDA:0,(anonymous_8)
FNDA:0,(anonymous_9)
FNDA:0,(anonymous_10)
FNDA:0,(anonymous_11)
FNDA:16,(anonymous_12)
FNDA:16,(anonymous_13)
DA:1,1
DA:2,1
DA:3,1
DA:9,1
DA:10,0
DA:11,0
DA:20,1
DA:21,13
DA:29,1
DA:30,13
DA:38,1
DA:39,1
DA:40,0
DA:42,2
DA:49,1
DA:50,0
DA:51,0
DA:52,0
DA:53,0
DA:54,0
DA:55,0
DA:65,1
DA:66,0
DA:67,0
DA:76,1
DA:77,0
DA:78,0
DA:79,0
DA:80,0
DA:81,0
DA:82,0
DA:83,0
DA:84,0
DA:86,0
DA:88,0
DA:99,1
DA:100,16
DA:107,1
DA:108,16
DA:110,1
LF:40
LH:19
BRDA:10,0,0,0
BRDA:10,0,1,0
BRDA:39,1,0,0
BRDA:39,1,1,1
BRDA:50,2,0,0
BRDA:50,2,1,0
BRDA:54,3,0,0
BRDA:54,3,1,0
BRDA:79,4,0,0
BRDA:79,4,1,0
BRF:10
BRH:1
end_of_record
TN:
SF:utils/frontmatter-generator.js
FN:24,(anonymous_0)
FN:58,(anonymous_1)
FN:79,(anonymous_2)
FN:83,(anonymous_3)
FN:112,(anonymous_4)
FN:129,(anonymous_5)
FNF:6
FNH:4
FNDA:5,(anonymous_0)
FNDA:4,(anonymous_1)
FNDA:4,(anonymous_2)
FNDA:0,(anonymous_3)
FNDA:4,(anonymous_4)
FNDA:0,(anonymous_5)
DA:4,1
DA:24,1
DA:25,5
DA:26,5
DA:29,5
DA:30,5
DA:32,5
DA:40,5
DA:41,4
DA:47,5
DA:48,5
DA:58,1
DA:59,4
DA:79,1
DA:81,4
DA:82,4
DA:83,0
DA:87,4
DA:98,4
DA:99,0
DA:102,4
DA:103,4
DA:112,1
DA:113,4
DA:129,1
DA:130,0
DA:136,1
LF:27
LH:24
BRDA:25,0,0,5
BRDA:25,0,1,1
BRDA:26,1,0,5
BRDA:26,1,1,4
BRDA:30,2,0,1
BRDA:30,2,1,4
BRDA:33,3,0,5
BRDA:33,3,1,5
BRDA:33,3,2,0
BRDA:34,4,0,5
BRDA:34,4,1,0
BRDA:35,5,0,5
BRDA:35,5,1,1
BRDA:40,6,0,4
BRDA:40,6,1,1
BRDA:60,7,0,4
BRDA:60,7,1,0
BRDA:62,8,0,4
BRDA:62,8,1,4
BRDA:62,8,2,0
BRDA:63,9,0,4
BRDA:63,9,1,0
BRDA:64,10,0,4
BRDA:64,10,1,1
BRDA:79,11,0,1
BRDA:81,12,0,3
BRDA:81,12,1,1
BRDA:81,13,0,0
BRDA:81,13,1,1
BRDA:82,14,0,0
BRDA:82,14,1,4
BRDA:88,15,0,4
BRDA:88,15,1,4
BRDA:88,15,2,0
BRDA:90,16,0,4
BRDA:90,16,1,4
BRDA:90,16,2,4
BRDA:90,16,3,0
BRDA:91,17,0,4
BRDA:91,17,1,0
BRDA:92,18,0,4
BRDA:92,18,1,1
BRDA:98,19,0,0
BRDA:98,19,1,4
BRDA:98,20,0,4
BRDA:98,20,1,3
BRDA:114,21,0,4
BRDA:114,21,1,0
BRDA:115,22,0,4
BRDA:115,22,1,4
BRDA:115,22,2,0
BRDA:116,23,0,4
BRDA:116,23,1,0
BRDA:117,24,0,4
BRDA:117,24,1,1
BRF:55
BRH:41
end_of_record
TN:
SF:utils/html-patterns.js
FN:8,(anonymous_0)
FN:9,(anonymous_1)
FN:10,(anonymous_2)
FN:20,(anonymous_3)
FNF:4
FNH:4
FNDA:14,(anonymous_0)
FNDA:14,(anonymous_1)
FNDA:14,(anonymous_2)
FNDA:56,(anonymous_3)
DA:6,1
DA:8,14
DA:9,14
DA:10,14
DA:20,1
DA:21,56
DA:22,56
DA:25,1
LF:8
LH:8
BRDA:20,0,0,56
BRDA:22,1,0,28
BRDA:22,1,1,28
BRF:3
BRH:3
end_of_record
TN:
SF:utils/image-downloader.js
FN:9,(anonymous_0)
FN:18,(anonymous_1)
FN:34,(anonymous_2)
FN:59,(anonymous_3)
FN:69,(anonymous_4)
FNF:5
FNH:3
FNDA:0,(anonymous_0)
FNDA:0,(anonymous_1)
FNDA:3,(anonymous_2)
FNDA:3,(anonymous_3)
FNDA:10,(anonymous_4)
DA:1,1
DA:2,1
DA:9,1
DA:18,1
DA:19,0
DA:20,0
DA:21,0
DA:22,0
DA:23,0
DA:34,1
DA:35,3
DA:37,0
DA:38,0
DA:39,0
DA:41,0
DA:42,0
DA:44,0
DA:45,0
DA:46,0
DA:48,0
DA:49,0
DA:59,1
DA:60,3
DA:69,1
DA:70,10
DA:71,10
DA:73,10
DA:75,10
DA:76,0
DA:77,0
DA:78,0
DA:80,0
DA:81,0
DA:88,10
DA:91,1
LF:35
LH:15
BRDA:22,0,0,0
BRDA:22,0,1,0
BRDA:34,1,0,0
BRDA:35,2,0,3
BRDA:35,2,1,0
BRDA:41,3,0,0
BRDA:41,3,1,0
BRDA:80,4,0,0
BRDA:80,4,1,0
BRF:9
BRH:1
end_of_record
TN:
SF:utils/markdown-table-parser.js
FN:11,(anonymous_0)
FN:21,(anonymous_1)
FN:22,(anonymous_2)
FN:22,(anonymous_3)
FN:39,(anonymous_4)
FN:40,(anonymous_5)
FN:42,(anonymous_6)
FN:52,(anonymous_7)
FN:137,(anonymous_8)
FN:172,(anonymous_9)
FN:196,(anonymous_10)
FN:218,(anonymous_11)
FN:218,(anonymous_12)
FNF:13
FNH:1
FNDA:0,(anonymous_0)
FNDA:0,(anonymous_1)
FNDA:0,(anonymous_2)
FNDA:0,(anonymous_3)
FNDA:0,(anonymous_4)
FNDA:0,(anonymous_5)
FNDA:0,(anonymous_6)
FNDA:4,(anonymous_7)
FNDA:0,(anonymous_8)
FNDA:0,(anonymous_9)
FNDA:0,(anonymous_10)
FNDA:0,(anonymous_11)
FNDA:0,(anonymous_12)
DA:11,1
DA:12,0
DA:13,0
DA:21,1
DA:22,0
DA:23,0
DA:25,0
DA:26,0
DA:27,0
DA:31,0
DA:39,1
DA:40,0
DA:42,0
DA:43,0
DA:52,1
DA:53,4
DA:54,4
DA:55,4
DA:57,4
DA:58,64
DA:61,64
DA:62,0
DA:63,0
DA:66,0
DA:67,0
DA:68,0
DA:73,0
DA:74,0
DA:77,0
DA:78,0
DA:79,0
DA:80,0
DA:82,0
DA:86,0
DA:87,0
DA:88,0
DA:90,0
DA:91,0
DA:95,64
DA:96,0
DA:97,0
DA:100,0
DA:101,0
DA:102,0
DA:106,0
DA:107,0
DA:109,0
DA:110,0
DA:111,0
DA:112,0
DA:114,0
DA:117,0
DA:118,0
DA:119,0
DA:121,0
DA:122,0
DA:125,64
DA:126,64
DA:129,4
DA:137,1
DA:138,0
DA:139,0
DA:141,0
DA:142,0
DA:144,0
DA:145,0
DA:148,0
DA:150,0
DA:152,0
DA:153,0
DA:154,0
DA:155,0
DA:158,0
DA:159,0
DA:163,0
DA:164,0
DA:172,1
DA:173,0
DA:174,0
DA:176,0
DA:177,0
DA:179,0
DA:180,0
DA:182,0
DA:183,0
DA:186,0
DA:187,0
DA:196,1
DA:197,0
DA:199,0
DA:200,0
DA:202,0
DA:204,0
DA:205,0
DA:209,0
DA:211,0
DA:213,0
DA:214,0
DA:218,0
DA:219,0
DA:220,0
DA:222,0
DA:223,0
DA:224,0
DA:229,0
DA:230,0
DA:233,0
DA:236,1
LF:108
LH:18
BRDA:13,0,0,0
BRDA:13,0,1,0
BRDA:26,1,0,0
BRDA:26,1,1,0
BRDA:61,2,0,0
BRDA:61,2,1,64
BRDA:66,3,0,0
BRDA:66,3,1,0
BRDA:78,4,0,0
BRDA:78,4,1,0
BRDA:95,5,0,0
BRDA:95,5,1,64
BRDA:100,6,0,0
BRDA:100,6,1,0
BRDA:110,7,0,0
BRDA:110,7,1,0
BRDA:110,8,0,0
BRDA:110,8,1,0
BRDA:142,9,0,0
BRDA:142,9,1,0
BRDA:150,10,0,0
BRDA:150,10,1,0
BRDA:177,11,0,0
BRDA:177,11,1,0
BRDA:197,12,0,0
BRDA:197,12,1,0
BRDA:204,13,0,0
BRDA:204,13,1,0
BRDA:205,14,0,0
BRDA:205,14,1,0
BRDA:209,15,0,0
BRDA:209,15,1,0
BRDA:211,16,0,0
BRDA:211,16,1,0
BRDA:213,17,0,0
BRDA:213,17,1,0
BRDA:220,18,0,0
BRDA:220,18,1,0
BRDA:223,19,0,0
BRDA:223,19,1,0
BRDA:223,20,0,0
BRDA:223,20,1,0
BRDA:229,21,0,0
BRDA:229,21,1,0
BRF:44
BRH:2
end_of_record
TN:
SF:utils/metadata-extractor.js
FN:8,(anonymous_0)
FN:18,(anonymous_1)
FN:57,(anonymous_2)
FN:78,(anonymous_3)
FN:88,(anonymous_4)
FN:97,(anonymous_5)
FN:119,(anonymous_6)
FN:140,(anonymous_7)
FN:169,(anonymous_8)
FN:191,(anonymous_9)
FNF:10
FNH:8
FNDA:20,(anonymous_0)
FNDA:14,(anonymous_1)
FNDA:3,(anonymous_2)
FNDA:0,(anonymous_3)
FNDA:3,(anonymous_4)
FNDA:3,(anonymous_5)
FNDA:3,(anonymous_6)
FNDA:3,(anonymous_7)
FNDA:3,(anonymous_8)
FNDA:0,(anonymous_9)
DA:1,1
DA:8,1
DA:9,20
DA:10,20
DA:18,1
DA:19,14
DA:21,14
DA:22,14
DA:23,14
DA:26,14
DA:27,14
DA:28,14
DA:31,14
DA:32,14
DA:33,0
DA:34,0
DA:38,14
DA:39,14
DA:40,0
DA:43,14
DA:44,14
DA:45,0
DA:49,14
DA:57,1
DA:59,3
DA:60,3
DA:61,0
DA:65,3
DA:66,3
DA:67,0
DA:70,3
DA:78,1
DA:79,0
DA:80,0
DA:88,1
DA:89,3
DA:97,1
DA:99,3
DA:100,3
DA:101,0
DA:105,3
DA:106,3
DA:107,0
DA:110,3
DA:119,1
DA:120,3
DA:121,3
DA:122,0
DA:123,0
DA:124,0
DA:125,0
DA:126,0
DA:129,0
DA:132,3
DA:140,1
DA:141,3
DA:142,3
DA:144,3
DA:145,3
DA:148,0
DA:149,0
DA:152,0
DA:153,0
DA:154,0
DA:156,0
DA:157,0
DA:161,0
DA:169,1
DA:170,3
DA:176,3
DA:177,3
DA:178,0
DA:180,0
DA:183,3
DA:191,1
DA:192,0
DA:195,0
DA:196,0
DA:198,0
DA:199,0
DA:202,0
DA:203,0
DA:205,0
DA:206,0
DA:208,0
DA:211,0
DA:212,0
DA:213,0
DA:215,0
DA:216,0
DA:225,0
DA:228,1
LF:92
LH:50
BRDA:10,0,0,0
BRDA:10,0,1,20
BRDA:22,1,0,14
BRDA:22,1,1,0
BRDA:27,2,0,14
BRDA:27,2,1,0
BRDA:32,3,0,0
BRDA:32,3,1,14
BRDA:39,4,0,0
BRDA:39,4,1,14
BRDA:44,5,0,0
BRDA:44,5,1,14
BRDA:60,6,0,0
BRDA:60,6,1,3
BRDA:66,7,0,0
BRDA:66,7,1,3
BRDA:80,8,0,0
BRDA:80,8,1,0
BRDA:89,9,0,3
BRDA:89,9,1,3
BRDA:100,10,0,0
BRDA:100,10,1,3
BRDA:106,11,0,0
BRDA:106,11,1,3
BRDA:119,12,0,0
BRDA:121,13,0,0
BRDA:121,13,1,3
BRDA:125,14,0,0
BRDA:125,14,1,0
BRDA:144,15,0,3
BRDA:144,15,1,0
BRDA:156,16,0,0
BRDA:156,16,1,0
BRDA:156,17,0,0
BRDA:156,17,1,0
BRDA:177,18,0,0
BRDA:177,18,1,3
BRDA:203,19,0,0
BRDA:203,19,1,0
BRDA:206,20,0,0
BRDA:206,20,1,0
BRDA:208,21,0,0
BRDA:208,21,1,0
BRDA:215,22,0,0
BRDA:215,22,1,0
BRDA:219,23,0,0
BRDA:219,23,1,0
BRDA:220,24,0,0
BRDA:220,24,1,0
BRF:49
BRH:15
end_of_record
TN:
SF:utils/pandoc-converter.js
FN:8,(anonymous_0)
FNF:1
FNH:1
FNDA:13,(anonymous_0)
DA:1,1
DA:8,1
DA:9,13
DA:10,13
DA:13,13
DA:15,0
DA:16,0
DA:20,1
LF:8
LH:6
BRF:0
BRH:0
end_of_record
TN:
SF:utils/results-tracker.js
FN:5,(anonymous_0)
FN:14,(anonymous_1)
FN:22,(anonymous_2)
FN:37,(anonymous_3)
FN:38,(anonymous_4)
FN:45,(anonymous_5)
FN:46,(anonymous_6)
FN:52,(anonymous_7)
FN:57,(anonymous_8)
FNF:9
FNH:0
FNDA:0,(anonymous_0)
FNDA:0,(anonymous_1)
FNDA:0,(anonymous_2)
FNDA:0,(anonymous_3)
FNDA:0,(anonymous_4)
FNDA:0,(anonymous_5)
FNDA:0,(anonymous_6)
FNDA:0,(anonymous_7)
FNDA:0,(anonymous_8)
DA:6,0
DA:15,0
DA:23,0
DA:24,0
DA:26,0
DA:27,0
DA:28,0
DA:29,0
DA:38,0
DA:46,0
DA:53,0
DA:54,0
DA:55,0
DA:57,0
DA:59,0
DA:60,0
DA:61,0
DA:62,0
DA:67,0
LF:19
LH:0
BRDA:24,0,0,0
BRDA:24,0,1,0
BRDA:24,1,0,0
BRDA:24,1,1,0
BRDA:26,2,0,0
BRDA:26,2,1,0
BRDA:28,3,0,0
BRDA:28,3,1,0
BRDA:61,4,0,0
BRDA:61,4,1,0
BRF:10
BRH:0
end_of_record
